2018-12-01 12:54:22.701 [main] INFO  com.baomidou.springboot.Application - Starting Application on LHTdeMacBook-Pro.local with PID 1046 (/STUDY/code/share-self/target/classes started by lht in /STUDY/code/share-self)
2018-12-01 12:54:22.706 [main] INFO  com.baomidou.springboot.Application - No active profile set, falling back to default profiles: default
2018-12-01 12:54:22.834 [main] INFO  o.s.b.w.s.c.AnnotationConfigServletWebServerApplicationContext - Refreshing org.springframework.boot.web.servlet.context.AnnotationConfigServletWebServerApplicationContext@463b4ac8: startup date [Sat Dec 01 12:54:22 CST 2018]; root of context hierarchy
2018-12-01 12:54:24.013 [main] INFO  o.s.b.factory.support.DefaultListableBeanFactory - Overriding bean definition for bean 'websocketContainerCustomizer' with a different definition: replacing [Root bean: class [null]; scope=; abstract=false; lazyInit=false; autowireMode=3; dependencyCheck=0; autowireCandidate=true; primary=false; factoryBeanName=org.springframework.boot.autoconfigure.websocket.servlet.WebSocketServletAutoConfiguration$JettyWebSocketConfiguration; factoryMethodName=websocketContainerCustomizer; initMethodName=null; destroyMethodName=(inferred); defined in class path resource [org/springframework/boot/autoconfigure/websocket/servlet/WebSocketServletAutoConfiguration$JettyWebSocketConfiguration.class]] with [Root bean: class [null]; scope=; abstract=false; lazyInit=false; autowireMode=3; dependencyCheck=0; autowireCandidate=true; primary=false; factoryBeanName=org.springframework.boot.autoconfigure.websocket.servlet.WebSocketServletAutoConfiguration$TomcatWebSocketConfiguration; factoryMethodName=websocketContainerCustomizer; initMethodName=null; destroyMethodName=(inferred); defined in class path resource [org/springframework/boot/autoconfigure/websocket/servlet/WebSocketServletAutoConfiguration$TomcatWebSocketConfiguration.class]]
2018-12-01 12:54:24.106 [main] INFO  o.s.b.factory.support.DefaultListableBeanFactory - Overriding bean definition for bean 'dataSource' with a different definition: replacing [Root bean: class [null]; scope=; abstract=false; lazyInit=false; autowireMode=3; dependencyCheck=0; autowireCandidate=true; primary=false; factoryBeanName=org.springframework.boot.autoconfigure.jdbc.DataSourceConfiguration$Generic; factoryMethodName=dataSource; initMethodName=null; destroyMethodName=(inferred); defined in class path resource [org/springframework/boot/autoconfigure/jdbc/DataSourceConfiguration$Generic.class]] with [Root bean: class [null]; scope=; abstract=false; lazyInit=false; autowireMode=3; dependencyCheck=0; autowireCandidate=true; primary=false; factoryBeanName=org.springframework.boot.autoconfigure.jdbc.DataSourceConfiguration$Hikari; factoryMethodName=dataSource; initMethodName=null; destroyMethodName=(inferred); defined in class path resource [org/springframework/boot/autoconfigure/jdbc/DataSourceConfiguration$Hikari.class]]
2018-12-01 12:54:24.160 [main] WARN  org.mybatis.spring.mapper.ClassPathMapperScanner - No MyBatis mapper was found in '[com.baomidou.springboot]' package. Please check your configuration.
2018-12-01 12:54:24.257 [main] INFO  o.s.d.r.config.RepositoryConfigurationDelegate - Multiple Spring Data modules found, entering strict repository configuration mode!
2018-12-01 12:54:24.587 [main] WARN  o.s.c.annotation.ConfigurationClassPostProcessor - Cannot enhance @Configuration bean definition 'commonsConfig' since its singleton instance has been created too early. The typical cause is a non-static @Bean method with a BeanDefinitionRegistryPostProcessor return type: Consider declaring such methods as 'static'.
2018-12-01 12:54:24.825 [main] INFO  o.s.c.s.PostProcessorRegistrationDelegate$BeanPostProcessorChecker - Bean 'shiroConfig' of type [com.baomidou.springboot.config.shiro.ShiroConfig$$EnhancerBySpringCGLIB$$509bccee] is not eligible for getting processed by all BeanPostProcessors (for example: not eligible for auto-proxying)
2018-12-01 12:54:25.028 [main] INFO  o.s.c.s.PostProcessorRegistrationDelegate$BeanPostProcessorChecker - Bean 'ehCacheManager' of type [org.apache.shiro.cache.ehcache.EhCacheManager] is not eligible for getting processed by all BeanPostProcessors (for example: not eligible for auto-proxying)
2018-12-01 12:54:25.028 [main] INFO  org.apache.shiro.cache.ehcache.EhCacheManager - Cache with name 'passwordRetryCache' does not yet exist.  Creating now.
2018-12-01 12:54:25.067 [main] INFO  org.apache.shiro.cache.ehcache.EhCacheManager - Added EhCache named [passwordRetryCache]
2018-12-01 12:54:25.074 [main] INFO  o.s.c.s.PostProcessorRegistrationDelegate$BeanPostProcessorChecker - Bean 'hashedCredentialsMatcher' of type [com.baomidou.springboot.config.shiro.RetryLimitHashedCredentialsMatcher] is not eligible for getting processed by all BeanPostProcessors (for example: not eligible for auto-proxying)
2018-12-01 12:54:25.119 [main] INFO  o.s.c.s.PostProcessorRegistrationDelegate$BeanPostProcessorChecker - Bean 'org.springframework.boot.context.properties.ConversionServiceDeducer$Factory' of type [org.springframework.boot.context.properties.ConversionServiceDeducer$Factory] is not eligible for getting processed by all BeanPostProcessors (for example: not eligible for auto-proxying)
2018-12-01 12:54:25.159 [main] INFO  o.s.c.s.PostProcessorRegistrationDelegate$BeanPostProcessorChecker - Bean 'mybatis-plus-com.baomidou.mybatisplus.autoconfigure.MybatisPlusProperties' of type [com.baomidou.mybatisplus.autoconfigure.MybatisPlusProperties] is not eligible for getting processed by all BeanPostProcessors (for example: not eligible for auto-proxying)
2018-12-01 12:54:25.189 [main] INFO  o.s.c.s.PostProcessorRegistrationDelegate$BeanPostProcessorChecker - Bean 'paginationInterceptor' of type [com.baomidou.mybatisplus.extension.plugins.PaginationInterceptor] is not eligible for getting processed by all BeanPostProcessors (for example: not eligible for auto-proxying)
2018-12-01 12:54:25.196 [main] INFO  o.s.c.s.PostProcessorRegistrationDelegate$BeanPostProcessorChecker - Bean 'com.baomidou.mybatisplus.autoconfigure.MybatisPlusAutoConfiguration' of type [com.baomidou.mybatisplus.autoconfigure.MybatisPlusAutoConfiguration$$EnhancerBySpringCGLIB$$431c270d] is not eligible for getting processed by all BeanPostProcessors (for example: not eligible for auto-proxying)
2018-12-01 12:54:25.199 [main] INFO  o.s.c.s.PostProcessorRegistrationDelegate$BeanPostProcessorChecker - Bean 'org.springframework.boot.autoconfigure.jdbc.DataSourceConfiguration$Hikari' of type [org.springframework.boot.autoconfigure.jdbc.DataSourceConfiguration$Hikari] is not eligible for getting processed by all BeanPostProcessors (for example: not eligible for auto-proxying)
2018-12-01 12:54:25.209 [main] INFO  o.s.c.s.PostProcessorRegistrationDelegate$BeanPostProcessorChecker - Bean 'spring.datasource-org.springframework.boot.autoconfigure.jdbc.DataSourceProperties' of type [org.springframework.boot.autoconfigure.jdbc.DataSourceProperties] is not eligible for getting processed by all BeanPostProcessors (for example: not eligible for auto-proxying)
2018-12-01 12:54:25.273 [main] INFO  o.s.c.s.PostProcessorRegistrationDelegate$BeanPostProcessorChecker - Bean 'dataSource' of type [com.zaxxer.hikari.HikariDataSource] is not eligible for getting processed by all BeanPostProcessors (for example: not eligible for auto-proxying)
2018-12-01 12:54:25.397 [main] INFO  o.s.c.s.PostProcessorRegistrationDelegate$BeanPostProcessorChecker - Bean 'metaObjectHandlerConfig' of type [com.baomidou.springboot.config.MetaObjectHandlerConfig] is not eligible for getting processed by all BeanPostProcessors (for example: not eligible for auto-proxying)
2018-12-01 12:54:25.416 [main] INFO  com.zaxxer.hikari.HikariDataSource - HikariPool-1 - Starting...
2018-12-01 12:54:25.806 [main] INFO  com.zaxxer.hikari.HikariDataSource - HikariPool-1 - Start completed.
2018-12-01 12:54:26.250 [main] INFO  o.s.c.s.PostProcessorRegistrationDelegate$BeanPostProcessorChecker - Bean 'sqlSessionFactory' of type [org.apache.ibatis.session.defaults.DefaultSqlSessionFactory] is not eligible for getting processed by all BeanPostProcessors (for example: not eligible for auto-proxying)
2018-12-01 12:54:26.258 [main] INFO  o.s.c.s.PostProcessorRegistrationDelegate$BeanPostProcessorChecker - Bean 'sqlSessionTemplate' of type [org.mybatis.spring.SqlSessionTemplate] is not eligible for getting processed by all BeanPostProcessors (for example: not eligible for auto-proxying)
2018-12-01 12:54:26.278 [main] INFO  o.s.c.s.PostProcessorRegistrationDelegate$BeanPostProcessorChecker - Bean 'userMapper' of type [org.mybatis.spring.mapper.MapperFactoryBean] is not eligible for getting processed by all BeanPostProcessors (for example: not eligible for auto-proxying)
2018-12-01 12:54:26.280 [main] INFO  o.s.c.s.PostProcessorRegistrationDelegate$BeanPostProcessorChecker - Bean 'userMapper' of type [com.sun.proxy.$Proxy72] is not eligible for getting processed by all BeanPostProcessors (for example: not eligible for auto-proxying)
2018-12-01 12:54:26.281 [main] INFO  o.s.c.s.PostProcessorRegistrationDelegate$BeanPostProcessorChecker - Bean 'userServiceImpl' of type [com.baomidou.springboot.service.impl.UserServiceImpl] is not eligible for getting processed by all BeanPostProcessors (for example: not eligible for auto-proxying)
2018-12-01 12:54:26.306 [main] INFO  o.s.c.s.PostProcessorRegistrationDelegate$BeanPostProcessorChecker - Bean 'permissionMapper' of type [org.mybatis.spring.mapper.MapperFactoryBean] is not eligible for getting processed by all BeanPostProcessors (for example: not eligible for auto-proxying)
2018-12-01 12:54:26.307 [main] INFO  o.s.c.s.PostProcessorRegistrationDelegate$BeanPostProcessorChecker - Bean 'permissionMapper' of type [com.sun.proxy.$Proxy74] is not eligible for getting processed by all BeanPostProcessors (for example: not eligible for auto-proxying)
2018-12-01 12:54:26.307 [main] INFO  o.s.c.s.PostProcessorRegistrationDelegate$BeanPostProcessorChecker - Bean 'permissionServiceImpl' of type [com.baomidou.springboot.service.impl.PermissionServiceImpl] is not eligible for getting processed by all BeanPostProcessors (for example: not eligible for auto-proxying)
2018-12-01 12:54:26.314 [main] INFO  o.s.c.s.PostProcessorRegistrationDelegate$BeanPostProcessorChecker - Bean 'userRoleMapper' of type [org.mybatis.spring.mapper.MapperFactoryBean] is not eligible for getting processed by all BeanPostProcessors (for example: not eligible for auto-proxying)
2018-12-01 12:54:26.315 [main] INFO  o.s.c.s.PostProcessorRegistrationDelegate$BeanPostProcessorChecker - Bean 'userRoleMapper' of type [com.sun.proxy.$Proxy75] is not eligible for getting processed by all BeanPostProcessors (for example: not eligible for auto-proxying)
2018-12-01 12:54:26.315 [main] INFO  o.s.c.s.PostProcessorRegistrationDelegate$BeanPostProcessorChecker - Bean 'userRoleServiceImpl' of type [com.baomidou.springboot.service.impl.UserRoleServiceImpl] is not eligible for getting processed by all BeanPostProcessors (for example: not eligible for auto-proxying)
2018-12-01 12:54:26.321 [main] INFO  o.s.c.s.PostProcessorRegistrationDelegate$BeanPostProcessorChecker - Bean 'roleMapper' of type [org.mybatis.spring.mapper.MapperFactoryBean] is not eligible for getting processed by all BeanPostProcessors (for example: not eligible for auto-proxying)
2018-12-01 12:54:26.322 [main] INFO  o.s.c.s.PostProcessorRegistrationDelegate$BeanPostProcessorChecker - Bean 'roleMapper' of type [com.sun.proxy.$Proxy76] is not eligible for getting processed by all BeanPostProcessors (for example: not eligible for auto-proxying)
2018-12-01 12:54:26.322 [main] INFO  o.s.c.s.PostProcessorRegistrationDelegate$BeanPostProcessorChecker - Bean 'roleServiceImpl' of type [com.baomidou.springboot.service.impl.RoleServiceImpl] is not eligible for getting processed by all BeanPostProcessors (for example: not eligible for auto-proxying)
2018-12-01 12:54:26.323 [main] INFO  org.apache.shiro.realm.AuthorizingRealm - No cache or cacheManager properties have been set.  Authorization cache cannot be obtained.
2018-12-01 12:54:26.323 [main] INFO  o.s.c.s.PostProcessorRegistrationDelegate$BeanPostProcessorChecker - Bean 'shiroRealm' of type [com.baomidou.springboot.config.shiro.ShiroRealm] is not eligible for getting processed by all BeanPostProcessors (for example: not eligible for auto-proxying)
2018-12-01 12:54:26.324 [main] INFO  org.apache.shiro.cache.ehcache.EhCacheManager - Cache with name 'com.baomidou.springboot.config.shiro.ShiroRealm.authorizationCache' does not yet exist.  Creating now.
2018-12-01 12:54:26.324 [main] INFO  org.apache.shiro.cache.ehcache.EhCacheManager - Added EhCache named [com.baomidou.springboot.config.shiro.ShiroRealm.authorizationCache]
2018-12-01 12:54:26.331 [main] INFO  o.s.c.s.PostProcessorRegistrationDelegate$BeanPostProcessorChecker - Bean 'rememberMeCookie' of type [org.apache.shiro.web.servlet.SimpleCookie] is not eligible for getting processed by all BeanPostProcessors (for example: not eligible for auto-proxying)
2018-12-01 12:54:26.335 [main] INFO  o.s.c.s.PostProcessorRegistrationDelegate$BeanPostProcessorChecker - Bean 'rememberMeManager' of type [org.apache.shiro.web.mgt.CookieRememberMeManager] is not eligible for getting processed by all BeanPostProcessors (for example: not eligible for auto-proxying)
2018-12-01 12:54:26.345 [main] INFO  o.s.c.s.PostProcessorRegistrationDelegate$BeanPostProcessorChecker - Bean 'securityManager' of type [org.apache.shiro.web.mgt.DefaultWebSecurityManager] is not eligible for getting processed by all BeanPostProcessors (for example: not eligible for auto-proxying)
2018-12-01 12:54:26.395 [main] INFO  o.s.c.s.PostProcessorRegistrationDelegate$BeanPostProcessorChecker - Bean 'authorizationAttributeSourceAdvisor' of type [org.apache.shiro.spring.security.interceptor.AuthorizationAttributeSourceAdvisor] is not eligible for getting processed by all BeanPostProcessors (for example: not eligible for auto-proxying)
2018-12-01 12:54:26.414 [main] INFO  o.s.c.s.PostProcessorRegistrationDelegate$BeanPostProcessorChecker - Bean 'org.springframework.transaction.annotation.ProxyTransactionManagementConfiguration' of type [org.springframework.transaction.annotation.ProxyTransactionManagementConfiguration$$EnhancerBySpringCGLIB$$553ba73] is not eligible for getting processed by all BeanPostProcessors (for example: not eligible for auto-proxying)
2018-12-01 12:54:26.853 [main] INFO  o.s.boot.web.embedded.tomcat.TomcatWebServer - Tomcat initialized with port(s): 8080 (http)
2018-12-01 12:54:26.874 [main] INFO  org.apache.coyote.http11.Http11NioProtocol - Initializing ProtocolHandler ["http-nio-8080"]
2018-12-01 12:54:26.889 [main] INFO  org.apache.catalina.core.StandardService - Starting service [Tomcat]
2018-12-01 12:54:26.890 [main] INFO  org.apache.catalina.core.StandardEngine - Starting Servlet Engine: Apache Tomcat/8.5.31
2018-12-01 12:54:26.895 [localhost-startStop-1] INFO  org.apache.catalina.core.AprLifecycleListener - The APR based Apache Tomcat Native library which allows optimal performance in production environments was not found on the java.library.path: [/Users/lht/Library/Java/Extensions:/Library/Java/Extensions:/Network/Library/Java/Extensions:/System/Library/Java/Extensions:/usr/lib/java:.]
2018-12-01 12:54:27.018 [localhost-startStop-1] INFO  o.a.c.core.ContainerBase.[Tomcat].[localhost].[/] - Initializing Spring embedded WebApplicationContext
2018-12-01 12:54:27.018 [localhost-startStop-1] INFO  org.springframework.web.context.ContextLoader - Root WebApplicationContext: initialization completed in 4184 ms
2018-12-01 12:54:27.188 [localhost-startStop-1] INFO  org.apache.shiro.cache.ehcache.EhCacheManager - Cache with name 'shiro-kickout-session' does not yet exist.  Creating now.
2018-12-01 12:54:27.188 [localhost-startStop-1] INFO  org.apache.shiro.cache.ehcache.EhCacheManager - Added EhCache named [shiro-kickout-session]
2018-12-01 12:54:27.328 [localhost-startStop-1] INFO  o.s.boot.web.servlet.FilterRegistrationBean - Mapping filter: 'characterEncodingFilter' to: [/*]
2018-12-01 12:54:27.328 [localhost-startStop-1] INFO  o.s.boot.web.servlet.FilterRegistrationBean - Mapping filter: 'hiddenHttpMethodFilter' to: [/*]
2018-12-01 12:54:27.328 [localhost-startStop-1] INFO  o.s.boot.web.servlet.FilterRegistrationBean - Mapping filter: 'httpPutFormContentFilter' to: [/*]
2018-12-01 12:54:27.329 [localhost-startStop-1] INFO  o.s.boot.web.servlet.FilterRegistrationBean - Mapping filter: 'requestContextFilter' to: [/*]
2018-12-01 12:54:27.329 [localhost-startStop-1] INFO  o.s.boot.web.servlet.FilterRegistrationBean - Mapping filter: 'jwtFilter' to urls: [*.auth]
2018-12-01 12:54:27.329 [localhost-startStop-1] INFO  o.s.boot.web.servlet.FilterRegistrationBean - Mapping filter: 'shiroFilter' to: [/*]
2018-12-01 12:54:27.329 [localhost-startStop-1] INFO  o.s.boot.web.servlet.FilterRegistrationBean - Mapping filter: 'kickoutSessionControlFilter' to: [/*]
2018-12-01 12:54:27.329 [localhost-startStop-1] INFO  o.s.boot.web.servlet.ServletRegistrationBean - Servlet dispatcherServlet mapped to [/]
2018-12-01 12:54:28.329 [main] INFO  o.s.web.servlet.handler.SimpleUrlHandlerMapping - Mapped URL path [/**/favicon.ico] onto handler of type [class org.springframework.web.servlet.resource.ResourceHttpRequestHandler]
2018-12-01 12:54:28.673 [main] INFO  o.s.w.s.m.m.a.RequestMappingHandlerAdapter - Looking for @ControllerAdvice: org.springframework.boot.web.servlet.context.AnnotationConfigServletWebServerApplicationContext@463b4ac8: startup date [Sat Dec 01 12:54:22 CST 2018]; root of context hierarchy
2018-12-01 12:54:28.750 [main] INFO  o.s.w.s.m.m.a.RequestMappingHandlerMapping - Mapped "{[/article/update]}" onto public com.baomidou.springboot.response.ResponseMessage<java.lang.Boolean> com.baomidou.springboot.controller.ArticleController.update(com.baomidou.springboot.vo.ArticleVO,java.lang.Long)
2018-12-01 12:54:28.751 [main] INFO  o.s.w.s.m.m.a.RequestMappingHandlerMapping - Mapped "{[/article/getAll],methods=[GET]}" onto public com.baomidou.springboot.response.ResponseMessage<java.util.List<com.baomidou.springboot.vo.ArticleVO>> com.baomidou.springboot.controller.ArticleController.getAll()
2018-12-01 12:54:28.751 [main] INFO  o.s.w.s.m.m.a.RequestMappingHandlerMapping - Mapped "{[/article/page],methods=[GET]}" onto public com.baomidou.springboot.response.ResponseMessage<com.baomidou.mybatisplus.core.metadata.IPage<com.baomidou.springboot.vo.ArticleVO>> com.baomidou.springboot.controller.ArticleController.page(java.lang.Integer,java.lang.Integer)
2018-12-01 12:54:28.752 [main] INFO  o.s.w.s.m.m.a.RequestMappingHandlerMapping - Mapped "{[/article/get],methods=[GET]}" onto public com.baomidou.springboot.response.ResponseMessage<com.baomidou.springboot.vo.ArticleVO> com.baomidou.springboot.controller.ArticleController.getById(java.lang.Long)
2018-12-01 12:54:28.752 [main] INFO  o.s.w.s.m.m.a.RequestMappingHandlerMapping - Mapped "{[/article/add],methods=[POST]}" onto public com.baomidou.springboot.response.ResponseMessage<java.lang.Boolean> com.baomidou.springboot.controller.ArticleController.addArticle(com.baomidou.springboot.domain.Article,java.lang.String)
2018-12-01 12:54:28.752 [main] INFO  o.s.w.s.m.m.a.RequestMappingHandlerMapping - Mapped "{[/article/{id}]}" onto public com.baomidou.springboot.response.ResponseMessage<java.lang.Boolean> com.baomidou.springboot.controller.ArticleController.deleteById(java.lang.Long)
2018-12-01 12:54:28.752 [main] INFO  o.s.w.s.m.m.a.RequestMappingHandlerMapping - Mapped "{[/article/getByUser],methods=[GET]}" onto public com.baomidou.springboot.response.ResponseMessage<java.util.List<com.baomidou.springboot.vo.ArticleVO>> com.baomidou.springboot.controller.ArticleController.getByUser(java.lang.Long)
2018-12-01 12:54:28.753 [main] INFO  o.s.w.s.m.m.a.RequestMappingHandlerMapping - Mapped "{[/article/like_title],methods=[GET]}" onto public com.baomidou.springboot.response.ResponseMessage<java.util.List<com.baomidou.springboot.vo.ArticleVO>> com.baomidou.springboot.controller.ArticleController.getArticleByWrapper(java.lang.String)
2018-12-01 12:54:28.753 [main] INFO  o.s.w.s.m.m.a.RequestMappingHandlerMapping - Mapped "{[/article/page_helper],methods=[GET]}" onto public com.baomidou.mybatisplus.core.metadata.IPage com.baomidou.springboot.controller.ArticleController.pagehelper(com.baomidou.mybatisplus.extension.plugins.pagination.Page)
2018-12-01 12:54:28.753 [main] INFO  o.s.w.s.m.m.a.RequestMappingHandlerMapping - Mapped "{[/article/test_transactional],methods=[GET]}" onto public void com.baomidou.springboot.controller.ArticleController.testTransactional(com.baomidou.springboot.vo.ArticleVO)
2018-12-01 12:54:28.755 [main] INFO  o.s.w.s.m.m.a.RequestMappingHandlerMapping - Mapped "{[/comments/page],methods=[GET]}" onto public com.baomidou.springboot.response.ResponseMessage com.baomidou.springboot.controller.CommentsController.test(java.lang.Integer,java.lang.Integer)
2018-12-01 12:54:28.755 [main] INFO  o.s.w.s.m.m.a.RequestMappingHandlerMapping - Mapped "{[/comments/getAll],methods=[GET]}" onto public com.baomidou.springboot.response.ResponseMessage<java.util.List<com.baomidou.springboot.vo.CommentsVO>> com.baomidou.springboot.controller.CommentsController.getAll(java.lang.Long)
2018-12-01 12:54:28.755 [main] INFO  o.s.w.s.m.m.a.RequestMappingHandlerMapping - Mapped "{[/comments/{id}]}" onto public com.baomidou.springboot.response.ResponseMessage<java.lang.Boolean> com.baomidou.springboot.controller.CommentsController.deleteById(java.lang.Long)
2018-12-01 12:54:28.756 [main] INFO  o.s.w.s.m.m.a.RequestMappingHandlerMapping - Mapped "{[/comments/add],methods=[POST]}" onto public com.baomidou.springboot.response.ResponseMessage<java.lang.Boolean> com.baomidou.springboot.controller.CommentsController.addComments(com.baomidou.springboot.domain.Comments)
2018-12-01 12:54:28.757 [main] INFO  o.s.w.s.m.m.a.RequestMappingHandlerMapping - Mapped "{[/focus/getAll],methods=[GET]}" onto public com.baomidou.springboot.response.ResponseMessage<java.util.List<com.baomidou.springboot.domain.User>> com.baomidou.springboot.controller.FocusUserController.getAll(java.lang.Long)
2018-12-01 12:54:28.759 [main] INFO  o.s.w.s.m.m.a.RequestMappingHandlerMapping - Mapped "{[/friendgroup/update],methods=[PUT]}" onto public com.baomidou.springboot.response.ResponseMessage<java.lang.Boolean> com.baomidou.springboot.controller.FriendGroupController.update(com.baomidou.springboot.domain.FriendGroup)
2018-12-01 12:54:28.760 [main] INFO  o.s.w.s.m.m.a.RequestMappingHandlerMapping - Mapped "{[/friendgroup/delete/{id}],methods=[DELETE]}" onto public com.baomidou.springboot.response.ResponseMessage<java.lang.Boolean> com.baomidou.springboot.controller.FriendGroupController.delete(java.lang.String)
2018-12-01 12:54:28.760 [main] INFO  o.s.w.s.m.m.a.RequestMappingHandlerMapping - Mapped "{[/friendgroup/get/{id}],methods=[GET]}" onto public com.baomidou.springboot.response.ResponseMessage<java.util.List<com.baomidou.springboot.domain.FriendGroup>> com.baomidou.springboot.controller.FriendGroupController.getFrientGroups(java.lang.String)
2018-12-01 12:54:28.761 [main] INFO  o.s.w.s.m.m.a.RequestMappingHandlerMapping - Mapped "{[/index/register]}" onto public com.baomidou.springboot.response.ResponseMessage com.baomidou.springboot.controller.IndexController.reg(com.baomidou.springboot.vo.UserVO)
2018-12-01 12:54:28.761 [main] INFO  o.s.w.s.m.m.a.RequestMappingHandlerMapping - Mapped "{[/index/login]}" onto public com.baomidou.springboot.response.ResponseMessage com.baomidou.springboot.controller.IndexController.login(java.lang.String,java.lang.String,java.lang.String,java.lang.String)
2018-12-01 12:54:28.761 [main] INFO  o.s.w.s.m.m.a.RequestMappingHandlerMapping - Mapped "{[/index/logout]}" onto public com.baomidou.springboot.response.ResponseMessage com.baomidou.springboot.controller.IndexController.logout()
2018-12-01 12:54:28.762 [main] INFO  o.s.w.s.m.m.a.RequestMappingHandlerMapping - Mapped "{[/love/getALl],methods=[GET]}" onto public com.baomidou.springboot.response.ResponseMessage<java.util.List<com.baomidou.springboot.vo.ArticleVO>> com.baomidou.springboot.controller.LoveArticleController.getAll(java.lang.Long)
2018-12-01 12:54:28.763 [main] INFO  o.s.w.s.m.m.a.RequestMappingHandlerMapping - Mapped "{[/permission/get],methods=[GET]}" onto public com.baomidou.springboot.response.ResponseMessage<java.util.List<com.baomidou.springboot.domain.po.Permission>> com.baomidou.springboot.controller.PermissionController.get()
2018-12-01 12:54:28.763 [main] INFO  o.s.w.s.m.m.a.RequestMappingHandlerMapping - Mapped "{[/article_photos/update]}" onto public com.baomidou.springboot.response.ResponseMessage com.baomidou.springboot.controller.PhotoArticleController.update(com.baomidou.springboot.domain.Photos)
2018-12-01 12:54:28.763 [main] INFO  o.s.w.s.m.m.a.RequestMappingHandlerMapping - Mapped "{[/article_photos/add]}" onto public com.baomidou.springboot.response.ResponseMessage com.baomidou.springboot.controller.PhotoArticleController.addPhotoByArticle(java.util.List<java.lang.String>,java.lang.Long)
2018-12-01 12:54:28.764 [main] INFO  o.s.w.s.m.m.a.RequestMappingHandlerMapping - Mapped "{[/role/get],methods=[GET]}" onto public com.baomidou.springboot.response.ResponseMessage<java.util.List<com.baomidou.springboot.domain.po.Role>> com.baomidou.springboot.controller.RoleController.get()
2018-12-01 12:54:28.765 [main] INFO  o.s.w.s.m.m.a.RequestMappingHandlerMapping - Mapped "{[/role_permission/get],methods=[GET]}" onto public com.baomidou.springboot.response.ResponseMessage<java.util.List<com.baomidou.springboot.domain.po.RolePermission>> com.baomidou.springboot.controller.RolePermissionController.get(java.lang.Long)
2018-12-01 12:54:28.771 [main] INFO  o.s.w.s.m.m.a.RequestMappingHandlerMapping - Mapped "{[/user/register]}" onto public com.baomidou.springboot.response.ResponseMessage com.baomidou.springboot.controller.UserController.register(com.baomidou.springboot.vo.UserVO)
2018-12-01 12:54:28.772 [main] INFO  o.s.w.s.m.m.a.RequestMappingHandlerMapping - Mapped "{[/user/update]}" onto public com.baomidou.springboot.response.ResponseMessage<java.lang.Boolean> com.baomidou.springboot.controller.UserController.update(com.baomidou.springboot.vo.UserVO)
2018-12-01 12:54:28.772 [main] INFO  o.s.w.s.m.m.a.RequestMappingHandlerMapping - Mapped "{[/user/page],methods=[GET]}" onto public com.baomidou.springboot.response.ResponseMessage com.baomidou.springboot.controller.UserController.test(java.lang.Integer,java.lang.Integer)
2018-12-01 12:54:28.772 [main] INFO  o.s.w.s.m.m.a.RequestMappingHandlerMapping - Mapped "{[/user/checkName]}" onto public com.baomidou.springboot.response.ResponseMessage com.baomidou.springboot.controller.UserController.isName(java.lang.String)
2018-12-01 12:54:28.773 [main] INFO  o.s.w.s.m.m.a.RequestMappingHandlerMapping - Mapped "{[/user/add],methods=[POST]}" onto public com.baomidou.springboot.response.ResponseMessage<java.lang.Boolean> com.baomidou.springboot.controller.UserController.addUser(com.baomidou.springboot.vo.UserVO)
2018-12-01 12:54:28.773 [main] INFO  o.s.w.s.m.m.a.RequestMappingHandlerMapping - Mapped "{[/user/{id}]}" onto public com.baomidou.springboot.response.ResponseMessage<java.lang.Boolean> com.baomidou.springboot.controller.UserController.deleteById(java.lang.String)
2018-12-01 12:54:28.774 [main] INFO  o.s.w.s.m.m.a.RequestMappingHandlerMapping - Mapped "{[/user/page_helper],methods=[GET]}" onto public com.baomidou.mybatisplus.core.metadata.IPage com.baomidou.springboot.controller.UserController.pagehelper(com.baomidou.mybatisplus.extension.plugins.pagination.Page)
2018-12-01 12:54:28.774 [main] INFO  o.s.w.s.m.m.a.RequestMappingHandlerMapping - Mapped "{[/user/test_transactional],methods=[GET]}" onto public void com.baomidou.springboot.controller.UserController.testTransactional(com.baomidou.springboot.domain.User)
2018-12-01 12:54:28.774 [main] INFO  o.s.w.s.m.m.a.RequestMappingHandlerMapping - Mapped "{[/user/login]}" onto public com.baomidou.springboot.response.ResponseMessage com.baomidou.springboot.controller.UserController.login(java.lang.String,java.lang.String)
2018-12-01 12:54:28.774 [main] INFO  o.s.w.s.m.m.a.RequestMappingHandlerMapping - Mapped "{[/user/checkPhone]}" onto public com.baomidou.springboot.response.ResponseMessage com.baomidou.springboot.controller.UserController.isPhone(java.lang.String)
2018-12-01 12:54:28.775 [main] INFO  o.s.w.s.m.m.a.RequestMappingHandlerMapping - Mapped "{[/user/checkEmail]}" onto public com.baomidou.springboot.response.ResponseMessage com.baomidou.springboot.controller.UserController.isEmail(java.lang.String)
2018-12-01 12:54:28.775 [main] INFO  o.s.w.s.m.m.a.RequestMappingHandlerMapping - Mapped "{[/user/select_sql],methods=[GET]}" onto public java.lang.Object com.baomidou.springboot.controller.UserController.getUserBySql()
2018-12-01 12:54:28.775 [main] INFO  o.s.w.s.m.m.a.RequestMappingHandlerMapping - Mapped "{[/user/like_name],methods=[GET]}" onto public com.baomidou.springboot.response.ResponseMessage<java.util.List<com.baomidou.springboot.vo.UserVO>> com.baomidou.springboot.controller.UserController.getUserByWrapper(java.lang.String)
2018-12-01 12:54:28.776 [main] INFO  o.s.w.s.m.m.a.RequestMappingHandlerMapping - Mapped "{[/user_role/getByUserId],methods=[GET]}" onto public com.baomidou.springboot.response.ResponseMessage<java.util.List<com.baomidou.springboot.domain.po.UserRole>> com.baomidou.springboot.controller.UserRoleController.get(java.lang.Long)
2018-12-01 12:54:28.778 [main] INFO  o.s.w.s.m.m.a.RequestMappingHandlerMapping - Mapped "{[/article_video/update]}" onto public com.baomidou.springboot.response.ResponseMessage com.baomidou.springboot.controller.VideoArticleController.update(com.baomidou.springboot.domain.Video)
2018-12-01 12:54:28.778 [main] INFO  o.s.w.s.m.m.a.RequestMappingHandlerMapping - Mapped "{[/article_video/add]}" onto public com.baomidou.springboot.response.ResponseMessage com.baomidou.springboot.controller.VideoArticleController.addPhotoByArticle(com.baomidou.springboot.domain.Video)
2018-12-01 12:54:28.781 [main] INFO  o.s.w.s.m.m.a.RequestMappingHandlerMapping - Mapped "{[/error]}" onto public org.springframework.http.ResponseEntity<java.util.Map<java.lang.String, java.lang.Object>> org.springframework.boot.autoconfigure.web.servlet.error.BasicErrorController.error(javax.servlet.http.HttpServletRequest)
2018-12-01 12:54:28.782 [main] INFO  o.s.w.s.m.m.a.RequestMappingHandlerMapping - Mapped "{[/error],produces=[text/html]}" onto public org.springframework.web.servlet.ModelAndView org.springframework.boot.autoconfigure.web.servlet.error.BasicErrorController.errorHtml(javax.servlet.http.HttpServletRequest,javax.servlet.http.HttpServletResponse)
2018-12-01 12:54:28.831 [main] INFO  o.s.web.servlet.handler.SimpleUrlHandlerMapping - Mapped URL path [/webjars/**] onto handler of type [class org.springframework.web.servlet.resource.ResourceHttpRequestHandler]
2018-12-01 12:54:28.831 [main] INFO  o.s.web.servlet.handler.SimpleUrlHandlerMapping - Mapped URL path [/**] onto handler of type [class org.springframework.web.servlet.resource.ResourceHttpRequestHandler]
2018-12-01 12:54:29.309 [main] INFO  o.s.ui.freemarker.SpringTemplateLoader - SpringTemplateLoader for FreeMarker: using resource loader [org.springframework.boot.web.servlet.context.AnnotationConfigServletWebServerApplicationContext@463b4ac8: startup date [Sat Dec 01 12:54:22 CST 2018]; root of context hierarchy] and template loader path [classpath:/templates/]
2018-12-01 12:54:29.310 [main] INFO  o.s.w.servlet.view.freemarker.FreeMarkerConfigurer - ClassTemplateLoader for Spring macros added to FreeMarker configuration
2018-12-01 12:54:29.527 [main] INFO  o.s.jmx.export.annotation.AnnotationMBeanExporter - Registering beans for JMX exposure on startup
2018-12-01 12:54:29.530 [main] INFO  o.s.jmx.export.annotation.AnnotationMBeanExporter - Bean with name 'dataSource' has been autodetected for JMX exposure
2018-12-01 12:54:29.536 [main] INFO  o.s.jmx.export.annotation.AnnotationMBeanExporter - Located MBean 'dataSource': registering with JMX server as MBean [com.zaxxer.hikari:name=dataSource,type=HikariDataSource]
2018-12-01 12:54:29.549 [main] INFO  org.apache.coyote.http11.Http11NioProtocol - Starting ProtocolHandler ["http-nio-8080"]
2018-12-01 12:54:29.573 [main] INFO  org.apache.tomcat.util.net.NioSelectorPool - Using a shared selector for servlet write/read
2018-12-01 12:54:29.589 [main] INFO  o.s.boot.web.embedded.tomcat.TomcatWebServer - Tomcat started on port(s): 8080 (http) with context path ''
2018-12-01 12:54:29.594 [main] INFO  com.baomidou.springboot.Application - Started Application in 8.28 seconds (JVM running for 11.488)
2018-12-01 12:54:29.596 [main] INFO  com.baomidou.springboot.Application - PortalApplication is success!
2018-12-01 13:05:10.950 [Thread-22] INFO  o.s.b.w.s.c.AnnotationConfigServletWebServerApplicationContext - Closing org.springframework.boot.web.servlet.context.AnnotationConfigServletWebServerApplicationContext@463b4ac8: startup date [Sat Dec 01 12:54:22 CST 2018]; root of context hierarchy
2018-12-01 13:05:10.962 [Thread-22] INFO  o.s.jmx.export.annotation.AnnotationMBeanExporter - Unregistering JMX-exposed beans on shutdown
2018-12-01 13:05:10.963 [Thread-22] INFO  o.s.jmx.export.annotation.AnnotationMBeanExporter - Unregistering JMX-exposed beans
2018-12-01 13:05:10.996 [Thread-22] INFO  com.zaxxer.hikari.HikariDataSource - HikariPool-1 - Shutdown initiated...
2018-12-01 13:05:11.004 [Thread-22] INFO  com.zaxxer.hikari.HikariDataSource - HikariPool-1 - Shutdown completed.
2018-12-01 13:07:09.713 [main] INFO  com.baomidou.springboot.Application - Starting Application on LHTdeMacBook-Pro.local with PID 1281 (/STUDY/code/share-self/target/classes started by lht in /STUDY/code/share-self)
2018-12-01 13:07:09.717 [main] INFO  com.baomidou.springboot.Application - No active profile set, falling back to default profiles: default
2018-12-01 13:07:09.788 [main] INFO  o.s.b.w.s.c.AnnotationConfigServletWebServerApplicationContext - Refreshing org.springframework.boot.web.servlet.context.AnnotationConfigServletWebServerApplicationContext@1af146: startup date [Sat Dec 01 13:07:09 CST 2018]; root of context hierarchy
2018-12-01 13:07:10.381 [main] INFO  o.s.b.factory.support.DefaultListableBeanFactory - Overriding bean definition for bean 'websocketContainerCustomizer' with a different definition: replacing [Root bean: class [null]; scope=; abstract=false; lazyInit=false; autowireMode=3; dependencyCheck=0; autowireCandidate=true; primary=false; factoryBeanName=org.springframework.boot.autoconfigure.websocket.servlet.WebSocketServletAutoConfiguration$JettyWebSocketConfiguration; factoryMethodName=websocketContainerCustomizer; initMethodName=null; destroyMethodName=(inferred); defined in class path resource [org/springframework/boot/autoconfigure/websocket/servlet/WebSocketServletAutoConfiguration$JettyWebSocketConfiguration.class]] with [Root bean: class [null]; scope=; abstract=false; lazyInit=false; autowireMode=3; dependencyCheck=0; autowireCandidate=true; primary=false; factoryBeanName=org.springframework.boot.autoconfigure.websocket.servlet.WebSocketServletAutoConfiguration$TomcatWebSocketConfiguration; factoryMethodName=websocketContainerCustomizer; initMethodName=null; destroyMethodName=(inferred); defined in class path resource [org/springframework/boot/autoconfigure/websocket/servlet/WebSocketServletAutoConfiguration$TomcatWebSocketConfiguration.class]]
2018-12-01 13:07:10.437 [main] INFO  o.s.b.factory.support.DefaultListableBeanFactory - Overriding bean definition for bean 'dataSource' with a different definition: replacing [Root bean: class [null]; scope=; abstract=false; lazyInit=false; autowireMode=3; dependencyCheck=0; autowireCandidate=true; primary=false; factoryBeanName=org.springframework.boot.autoconfigure.jdbc.DataSourceConfiguration$Generic; factoryMethodName=dataSource; initMethodName=null; destroyMethodName=(inferred); defined in class path resource [org/springframework/boot/autoconfigure/jdbc/DataSourceConfiguration$Generic.class]] with [Root bean: class [null]; scope=; abstract=false; lazyInit=false; autowireMode=3; dependencyCheck=0; autowireCandidate=true; primary=false; factoryBeanName=org.springframework.boot.autoconfigure.jdbc.DataSourceConfiguration$Hikari; factoryMethodName=dataSource; initMethodName=null; destroyMethodName=(inferred); defined in class path resource [org/springframework/boot/autoconfigure/jdbc/DataSourceConfiguration$Hikari.class]]
2018-12-01 13:07:10.491 [main] WARN  org.mybatis.spring.mapper.ClassPathMapperScanner - No MyBatis mapper was found in '[com.baomidou.springboot]' package. Please check your configuration.
2018-12-01 13:07:10.562 [main] INFO  o.s.d.r.config.RepositoryConfigurationDelegate - Multiple Spring Data modules found, entering strict repository configuration mode!
2018-12-01 13:07:10.844 [main] WARN  o.s.c.annotation.ConfigurationClassPostProcessor - Cannot enhance @Configuration bean definition 'commonsConfig' since its singleton instance has been created too early. The typical cause is a non-static @Bean method with a BeanDefinitionRegistryPostProcessor return type: Consider declaring such methods as 'static'.
2018-12-01 13:07:11.036 [main] INFO  o.s.c.s.PostProcessorRegistrationDelegate$BeanPostProcessorChecker - Bean 'shiroConfig' of type [com.baomidou.springboot.config.shiro.ShiroConfig$$EnhancerBySpringCGLIB$$46c30b10] is not eligible for getting processed by all BeanPostProcessors (for example: not eligible for auto-proxying)
2018-12-01 13:07:11.195 [main] INFO  o.s.c.s.PostProcessorRegistrationDelegate$BeanPostProcessorChecker - Bean 'ehCacheManager' of type [org.apache.shiro.cache.ehcache.EhCacheManager] is not eligible for getting processed by all BeanPostProcessors (for example: not eligible for auto-proxying)
2018-12-01 13:07:11.196 [main] INFO  org.apache.shiro.cache.ehcache.EhCacheManager - Cache with name 'passwordRetryCache' does not yet exist.  Creating now.
2018-12-01 13:07:11.221 [main] INFO  org.apache.shiro.cache.ehcache.EhCacheManager - Added EhCache named [passwordRetryCache]
2018-12-01 13:07:11.227 [main] INFO  o.s.c.s.PostProcessorRegistrationDelegate$BeanPostProcessorChecker - Bean 'hashedCredentialsMatcher' of type [com.baomidou.springboot.config.shiro.RetryLimitHashedCredentialsMatcher] is not eligible for getting processed by all BeanPostProcessors (for example: not eligible for auto-proxying)
2018-12-01 13:07:11.276 [main] INFO  o.s.c.s.PostProcessorRegistrationDelegate$BeanPostProcessorChecker - Bean 'org.springframework.boot.context.properties.ConversionServiceDeducer$Factory' of type [org.springframework.boot.context.properties.ConversionServiceDeducer$Factory] is not eligible for getting processed by all BeanPostProcessors (for example: not eligible for auto-proxying)
2018-12-01 13:07:11.310 [main] INFO  o.s.c.s.PostProcessorRegistrationDelegate$BeanPostProcessorChecker - Bean 'mybatis-plus-com.baomidou.mybatisplus.autoconfigure.MybatisPlusProperties' of type [com.baomidou.mybatisplus.autoconfigure.MybatisPlusProperties] is not eligible for getting processed by all BeanPostProcessors (for example: not eligible for auto-proxying)
2018-12-01 13:07:11.332 [main] INFO  o.s.c.s.PostProcessorRegistrationDelegate$BeanPostProcessorChecker - Bean 'paginationInterceptor' of type [com.baomidou.mybatisplus.extension.plugins.PaginationInterceptor] is not eligible for getting processed by all BeanPostProcessors (for example: not eligible for auto-proxying)
2018-12-01 13:07:11.340 [main] INFO  o.s.c.s.PostProcessorRegistrationDelegate$BeanPostProcessorChecker - Bean 'com.baomidou.mybatisplus.autoconfigure.MybatisPlusAutoConfiguration' of type [com.baomidou.mybatisplus.autoconfigure.MybatisPlusAutoConfiguration$$EnhancerBySpringCGLIB$$3943652f] is not eligible for getting processed by all BeanPostProcessors (for example: not eligible for auto-proxying)
2018-12-01 13:07:11.355 [main] INFO  o.s.c.s.PostProcessorRegistrationDelegate$BeanPostProcessorChecker - Bean 'org.springframework.boot.autoconfigure.jdbc.DataSourceConfiguration$Hikari' of type [org.springframework.boot.autoconfigure.jdbc.DataSourceConfiguration$Hikari] is not eligible for getting processed by all BeanPostProcessors (for example: not eligible for auto-proxying)
2018-12-01 13:07:11.369 [main] INFO  o.s.c.s.PostProcessorRegistrationDelegate$BeanPostProcessorChecker - Bean 'spring.datasource-org.springframework.boot.autoconfigure.jdbc.DataSourceProperties' of type [org.springframework.boot.autoconfigure.jdbc.DataSourceProperties] is not eligible for getting processed by all BeanPostProcessors (for example: not eligible for auto-proxying)
2018-12-01 13:07:11.393 [main] INFO  o.s.c.s.PostProcessorRegistrationDelegate$BeanPostProcessorChecker - Bean 'dataSource' of type [com.zaxxer.hikari.HikariDataSource] is not eligible for getting processed by all BeanPostProcessors (for example: not eligible for auto-proxying)
2018-12-01 13:07:11.477 [main] INFO  o.s.c.s.PostProcessorRegistrationDelegate$BeanPostProcessorChecker - Bean 'metaObjectHandlerConfig' of type [com.baomidou.springboot.config.MetaObjectHandlerConfig] is not eligible for getting processed by all BeanPostProcessors (for example: not eligible for auto-proxying)
2018-12-01 13:07:11.496 [main] INFO  com.zaxxer.hikari.HikariDataSource - HikariPool-1 - Starting...
2018-12-01 13:07:11.927 [main] INFO  com.zaxxer.hikari.HikariDataSource - HikariPool-1 - Start completed.
2018-12-01 13:07:12.307 [main] INFO  o.s.c.s.PostProcessorRegistrationDelegate$BeanPostProcessorChecker - Bean 'sqlSessionFactory' of type [org.apache.ibatis.session.defaults.DefaultSqlSessionFactory] is not eligible for getting processed by all BeanPostProcessors (for example: not eligible for auto-proxying)
2018-12-01 13:07:12.316 [main] INFO  o.s.c.s.PostProcessorRegistrationDelegate$BeanPostProcessorChecker - Bean 'sqlSessionTemplate' of type [org.mybatis.spring.SqlSessionTemplate] is not eligible for getting processed by all BeanPostProcessors (for example: not eligible for auto-proxying)
2018-12-01 13:07:12.335 [main] INFO  o.s.c.s.PostProcessorRegistrationDelegate$BeanPostProcessorChecker - Bean 'userMapper' of type [org.mybatis.spring.mapper.MapperFactoryBean] is not eligible for getting processed by all BeanPostProcessors (for example: not eligible for auto-proxying)
2018-12-01 13:07:12.337 [main] INFO  o.s.c.s.PostProcessorRegistrationDelegate$BeanPostProcessorChecker - Bean 'userMapper' of type [com.sun.proxy.$Proxy71] is not eligible for getting processed by all BeanPostProcessors (for example: not eligible for auto-proxying)
2018-12-01 13:07:12.338 [main] INFO  o.s.c.s.PostProcessorRegistrationDelegate$BeanPostProcessorChecker - Bean 'userServiceImpl' of type [com.baomidou.springboot.service.impl.UserServiceImpl] is not eligible for getting processed by all BeanPostProcessors (for example: not eligible for auto-proxying)
2018-12-01 13:07:12.362 [main] INFO  o.s.c.s.PostProcessorRegistrationDelegate$BeanPostProcessorChecker - Bean 'permissionMapper' of type [org.mybatis.spring.mapper.MapperFactoryBean] is not eligible for getting processed by all BeanPostProcessors (for example: not eligible for auto-proxying)
2018-12-01 13:07:12.363 [main] INFO  o.s.c.s.PostProcessorRegistrationDelegate$BeanPostProcessorChecker - Bean 'permissionMapper' of type [com.sun.proxy.$Proxy73] is not eligible for getting processed by all BeanPostProcessors (for example: not eligible for auto-proxying)
2018-12-01 13:07:12.364 [main] INFO  o.s.c.s.PostProcessorRegistrationDelegate$BeanPostProcessorChecker - Bean 'permissionServiceImpl' of type [com.baomidou.springboot.service.impl.PermissionServiceImpl] is not eligible for getting processed by all BeanPostProcessors (for example: not eligible for auto-proxying)
2018-12-01 13:07:12.370 [main] INFO  o.s.c.s.PostProcessorRegistrationDelegate$BeanPostProcessorChecker - Bean 'userRoleMapper' of type [org.mybatis.spring.mapper.MapperFactoryBean] is not eligible for getting processed by all BeanPostProcessors (for example: not eligible for auto-proxying)
2018-12-01 13:07:12.371 [main] INFO  o.s.c.s.PostProcessorRegistrationDelegate$BeanPostProcessorChecker - Bean 'userRoleMapper' of type [com.sun.proxy.$Proxy74] is not eligible for getting processed by all BeanPostProcessors (for example: not eligible for auto-proxying)
2018-12-01 13:07:12.372 [main] INFO  o.s.c.s.PostProcessorRegistrationDelegate$BeanPostProcessorChecker - Bean 'userRoleServiceImpl' of type [com.baomidou.springboot.service.impl.UserRoleServiceImpl] is not eligible for getting processed by all BeanPostProcessors (for example: not eligible for auto-proxying)
2018-12-01 13:07:12.378 [main] INFO  o.s.c.s.PostProcessorRegistrationDelegate$BeanPostProcessorChecker - Bean 'roleMapper' of type [org.mybatis.spring.mapper.MapperFactoryBean] is not eligible for getting processed by all BeanPostProcessors (for example: not eligible for auto-proxying)
2018-12-01 13:07:12.379 [main] INFO  o.s.c.s.PostProcessorRegistrationDelegate$BeanPostProcessorChecker - Bean 'roleMapper' of type [com.sun.proxy.$Proxy75] is not eligible for getting processed by all BeanPostProcessors (for example: not eligible for auto-proxying)
2018-12-01 13:07:12.379 [main] INFO  o.s.c.s.PostProcessorRegistrationDelegate$BeanPostProcessorChecker - Bean 'roleServiceImpl' of type [com.baomidou.springboot.service.impl.RoleServiceImpl] is not eligible for getting processed by all BeanPostProcessors (for example: not eligible for auto-proxying)
2018-12-01 13:07:12.379 [main] INFO  org.apache.shiro.realm.AuthorizingRealm - No cache or cacheManager properties have been set.  Authorization cache cannot be obtained.
2018-12-01 13:07:12.379 [main] INFO  o.s.c.s.PostProcessorRegistrationDelegate$BeanPostProcessorChecker - Bean 'shiroRealm' of type [com.baomidou.springboot.config.shiro.ShiroRealm] is not eligible for getting processed by all BeanPostProcessors (for example: not eligible for auto-proxying)
2018-12-01 13:07:12.380 [main] INFO  org.apache.shiro.cache.ehcache.EhCacheManager - Cache with name 'com.baomidou.springboot.config.shiro.ShiroRealm.authorizationCache' does not yet exist.  Creating now.
2018-12-01 13:07:12.381 [main] INFO  org.apache.shiro.cache.ehcache.EhCacheManager - Added EhCache named [com.baomidou.springboot.config.shiro.ShiroRealm.authorizationCache]
2018-12-01 13:07:12.385 [main] INFO  o.s.c.s.PostProcessorRegistrationDelegate$BeanPostProcessorChecker - Bean 'rememberMeCookie' of type [org.apache.shiro.web.servlet.SimpleCookie] is not eligible for getting processed by all BeanPostProcessors (for example: not eligible for auto-proxying)
2018-12-01 13:07:12.390 [main] INFO  o.s.c.s.PostProcessorRegistrationDelegate$BeanPostProcessorChecker - Bean 'rememberMeManager' of type [org.apache.shiro.web.mgt.CookieRememberMeManager] is not eligible for getting processed by all BeanPostProcessors (for example: not eligible for auto-proxying)
2018-12-01 13:07:12.399 [main] INFO  o.s.c.s.PostProcessorRegistrationDelegate$BeanPostProcessorChecker - Bean 'securityManager' of type [org.apache.shiro.web.mgt.DefaultWebSecurityManager] is not eligible for getting processed by all BeanPostProcessors (for example: not eligible for auto-proxying)
2018-12-01 13:07:12.439 [main] INFO  o.s.c.s.PostProcessorRegistrationDelegate$BeanPostProcessorChecker - Bean 'authorizationAttributeSourceAdvisor' of type [org.apache.shiro.spring.security.interceptor.AuthorizationAttributeSourceAdvisor] is not eligible for getting processed by all BeanPostProcessors (for example: not eligible for auto-proxying)
2018-12-01 13:07:12.461 [main] INFO  o.s.c.s.PostProcessorRegistrationDelegate$BeanPostProcessorChecker - Bean 'org.springframework.transaction.annotation.ProxyTransactionManagementConfiguration' of type [org.springframework.transaction.annotation.ProxyTransactionManagementConfiguration$$EnhancerBySpringCGLIB$$fb7af895] is not eligible for getting processed by all BeanPostProcessors (for example: not eligible for auto-proxying)
2018-12-01 13:07:12.818 [main] INFO  o.s.boot.web.embedded.tomcat.TomcatWebServer - Tomcat initialized with port(s): 8080 (http)
2018-12-01 13:07:12.830 [main] INFO  org.apache.coyote.http11.Http11NioProtocol - Initializing ProtocolHandler ["http-nio-8080"]
2018-12-01 13:07:12.839 [main] INFO  org.apache.catalina.core.StandardService - Starting service [Tomcat]
2018-12-01 13:07:12.839 [main] INFO  org.apache.catalina.core.StandardEngine - Starting Servlet Engine: Apache Tomcat/8.5.31
2018-12-01 13:07:12.844 [localhost-startStop-1] INFO  org.apache.catalina.core.AprLifecycleListener - The APR based Apache Tomcat Native library which allows optimal performance in production environments was not found on the java.library.path: [/Users/lht/Library/Java/Extensions:/Library/Java/Extensions:/Network/Library/Java/Extensions:/System/Library/Java/Extensions:/usr/lib/java:.]
2018-12-01 13:07:12.923 [localhost-startStop-1] INFO  o.a.c.core.ContainerBase.[Tomcat].[localhost].[/] - Initializing Spring embedded WebApplicationContext
2018-12-01 13:07:12.923 [localhost-startStop-1] INFO  org.springframework.web.context.ContextLoader - Root WebApplicationContext: initialization completed in 3135 ms
2018-12-01 13:07:13.039 [localhost-startStop-1] INFO  org.apache.shiro.cache.ehcache.EhCacheManager - Cache with name 'shiro-kickout-session' does not yet exist.  Creating now.
2018-12-01 13:07:13.040 [localhost-startStop-1] INFO  org.apache.shiro.cache.ehcache.EhCacheManager - Added EhCache named [shiro-kickout-session]
2018-12-01 13:07:13.180 [localhost-startStop-1] INFO  o.s.boot.web.servlet.FilterRegistrationBean - Mapping filter: 'characterEncodingFilter' to: [/*]
2018-12-01 13:07:13.181 [localhost-startStop-1] INFO  o.s.boot.web.servlet.FilterRegistrationBean - Mapping filter: 'hiddenHttpMethodFilter' to: [/*]
2018-12-01 13:07:13.181 [localhost-startStop-1] INFO  o.s.boot.web.servlet.FilterRegistrationBean - Mapping filter: 'httpPutFormContentFilter' to: [/*]
2018-12-01 13:07:13.181 [localhost-startStop-1] INFO  o.s.boot.web.servlet.FilterRegistrationBean - Mapping filter: 'requestContextFilter' to: [/*]
2018-12-01 13:07:13.181 [localhost-startStop-1] INFO  o.s.boot.web.servlet.FilterRegistrationBean - Mapping filter: 'jwtFilter' to urls: [*.auth]
2018-12-01 13:07:13.181 [localhost-startStop-1] INFO  o.s.boot.web.servlet.FilterRegistrationBean - Mapping filter: 'shiroFilter' to: [/*]
2018-12-01 13:07:13.181 [localhost-startStop-1] INFO  o.s.boot.web.servlet.FilterRegistrationBean - Mapping filter: 'kickoutSessionControlFilter' to: [/*]
2018-12-01 13:07:13.181 [localhost-startStop-1] INFO  o.s.boot.web.servlet.ServletRegistrationBean - Servlet dispatcherServlet mapped to [/]
2018-12-01 13:07:13.234 [main] WARN  o.s.b.w.s.c.AnnotationConfigServletWebServerApplicationContext - Exception encountered during context initialization - cancelling refresh attempt: org.springframework.beans.factory.UnsatisfiedDependencyException: Error creating bean with name 'friendGroupController': Unsatisfied dependency expressed through field 'friendGroupService'; nested exception is org.springframework.beans.factory.NoSuchBeanDefinitionException: No qualifying bean of type 'com.baomidou.springboot.content.service.IFriendGroupService' available: expected at least 1 bean which qualifies as autowire candidate. Dependency annotations: {@org.springframework.beans.factory.annotation.Autowired(required=true)}
2018-12-01 13:07:13.239 [main] INFO  com.zaxxer.hikari.HikariDataSource - HikariPool-1 - Shutdown initiated...
2018-12-01 13:07:13.245 [main] INFO  com.zaxxer.hikari.HikariDataSource - HikariPool-1 - Shutdown completed.
2018-12-01 13:07:13.248 [main] INFO  org.apache.catalina.core.StandardService - Stopping service [Tomcat]
2018-12-01 13:07:13.312 [main] INFO  o.s.b.a.l.ConditionEvaluationReportLoggingListener - 

Error starting ApplicationContext. To display the conditions report re-run your application with 'debug' enabled.
2018-12-01 13:07:13.452 [main] ERROR o.s.b.diagnostics.LoggingFailureAnalysisReporter - 

***************************
APPLICATION FAILED TO START
***************************

Description:

Field friendGroupService in com.baomidou.springboot.controller.FriendGroupController required a bean of type 'com.baomidou.springboot.content.service.IFriendGroupService' that could not be found.


Action:

Consider defining a bean of type 'com.baomidou.springboot.content.service.IFriendGroupService' in your configuration.

