2018-11-29 23:26:17.216 [main] INFO  com.baomidou.springboot.Application - Starting Application on LHTdeMacBook-Pro.local with PID 635 (/STUDY/code/share-self/target/classes started by lht in /STUDY/code/share-self)
2018-11-29 23:26:17.219 [main] INFO  com.baomidou.springboot.Application - No active profile set, falling back to default profiles: default
2018-11-29 23:26:17.282 [main] INFO  o.s.b.w.s.c.AnnotationConfigServletWebServerApplicationContext - Refreshing org.springframework.boot.web.servlet.context.AnnotationConfigServletWebServerApplicationContext@6f152006: startup date [Thu Nov 29 23:26:17 CST 2018]; root of context hierarchy
2018-11-29 23:26:17.989 [main] INFO  o.s.b.factory.support.DefaultListableBeanFactory - Overriding bean definition for bean 'websocketContainerCustomizer' with a different definition: replacing [Root bean: class [null]; scope=; abstract=false; lazyInit=false; autowireMode=3; dependencyCheck=0; autowireCandidate=true; primary=false; factoryBeanName=org.springframework.boot.autoconfigure.websocket.servlet.WebSocketServletAutoConfiguration$JettyWebSocketConfiguration; factoryMethodName=websocketContainerCustomizer; initMethodName=null; destroyMethodName=(inferred); defined in class path resource [org/springframework/boot/autoconfigure/websocket/servlet/WebSocketServletAutoConfiguration$JettyWebSocketConfiguration.class]] with [Root bean: class [null]; scope=; abstract=false; lazyInit=false; autowireMode=3; dependencyCheck=0; autowireCandidate=true; primary=false; factoryBeanName=org.springframework.boot.autoconfigure.websocket.servlet.WebSocketServletAutoConfiguration$TomcatWebSocketConfiguration; factoryMethodName=websocketContainerCustomizer; initMethodName=null; destroyMethodName=(inferred); defined in class path resource [org/springframework/boot/autoconfigure/websocket/servlet/WebSocketServletAutoConfiguration$TomcatWebSocketConfiguration.class]]
2018-11-29 23:26:18.071 [main] INFO  o.s.b.factory.support.DefaultListableBeanFactory - Overriding bean definition for bean 'dataSource' with a different definition: replacing [Root bean: class [null]; scope=; abstract=false; lazyInit=false; autowireMode=3; dependencyCheck=0; autowireCandidate=true; primary=false; factoryBeanName=org.springframework.boot.autoconfigure.jdbc.DataSourceConfiguration$Generic; factoryMethodName=dataSource; initMethodName=null; destroyMethodName=(inferred); defined in class path resource [org/springframework/boot/autoconfigure/jdbc/DataSourceConfiguration$Generic.class]] with [Root bean: class [null]; scope=; abstract=false; lazyInit=false; autowireMode=3; dependencyCheck=0; autowireCandidate=true; primary=false; factoryBeanName=org.springframework.boot.autoconfigure.jdbc.DataSourceConfiguration$Hikari; factoryMethodName=dataSource; initMethodName=null; destroyMethodName=(inferred); defined in class path resource [org/springframework/boot/autoconfigure/jdbc/DataSourceConfiguration$Hikari.class]]
2018-11-29 23:26:18.111 [main] WARN  org.mybatis.spring.mapper.ClassPathMapperScanner - No MyBatis mapper was found in '[com.baomidou.springboot]' package. Please check your configuration.
2018-11-29 23:26:18.182 [main] INFO  o.s.d.r.config.RepositoryConfigurationDelegate - Multiple Spring Data modules found, entering strict repository configuration mode!
2018-11-29 23:26:18.341 [main] WARN  o.s.c.annotation.ConfigurationClassPostProcessor - Cannot enhance @Configuration bean definition 'commonsConfig' since its singleton instance has been created too early. The typical cause is a non-static @Bean method with a BeanDefinitionRegistryPostProcessor return type: Consider declaring such methods as 'static'.
2018-11-29 23:26:18.529 [main] INFO  o.s.c.s.PostProcessorRegistrationDelegate$BeanPostProcessorChecker - Bean 'shiroConfig' of type [com.baomidou.springboot.config.shiro.ShiroConfig$$EnhancerBySpringCGLIB$$29a721f6] is not eligible for getting processed by all BeanPostProcessors (for example: not eligible for auto-proxying)
2018-11-29 23:26:18.695 [main] INFO  o.s.c.s.PostProcessorRegistrationDelegate$BeanPostProcessorChecker - Bean 'ehCacheManager' of type [org.apache.shiro.cache.ehcache.EhCacheManager] is not eligible for getting processed by all BeanPostProcessors (for example: not eligible for auto-proxying)
2018-11-29 23:26:18.697 [main] INFO  org.apache.shiro.cache.ehcache.EhCacheManager - Cache with name 'passwordRetryCache' does not yet exist.  Creating now.
2018-11-29 23:26:18.732 [main] INFO  org.apache.shiro.cache.ehcache.EhCacheManager - Added EhCache named [passwordRetryCache]
2018-11-29 23:26:18.741 [main] INFO  o.s.c.s.PostProcessorRegistrationDelegate$BeanPostProcessorChecker - Bean 'hashedCredentialsMatcher' of type [com.baomidou.springboot.config.shiro.RetryLimitHashedCredentialsMatcher] is not eligible for getting processed by all BeanPostProcessors (for example: not eligible for auto-proxying)
2018-11-29 23:26:18.796 [main] INFO  o.s.c.s.PostProcessorRegistrationDelegate$BeanPostProcessorChecker - Bean 'org.springframework.boot.context.properties.ConversionServiceDeducer$Factory' of type [org.springframework.boot.context.properties.ConversionServiceDeducer$Factory] is not eligible for getting processed by all BeanPostProcessors (for example: not eligible for auto-proxying)
2018-11-29 23:26:18.835 [main] INFO  o.s.c.s.PostProcessorRegistrationDelegate$BeanPostProcessorChecker - Bean 'mybatis-plus-com.baomidou.mybatisplus.autoconfigure.MybatisPlusProperties' of type [com.baomidou.mybatisplus.autoconfigure.MybatisPlusProperties] is not eligible for getting processed by all BeanPostProcessors (for example: not eligible for auto-proxying)
2018-11-29 23:26:18.866 [main] INFO  o.s.c.s.PostProcessorRegistrationDelegate$BeanPostProcessorChecker - Bean 'paginationInterceptor' of type [com.baomidou.mybatisplus.extension.plugins.PaginationInterceptor] is not eligible for getting processed by all BeanPostProcessors (for example: not eligible for auto-proxying)
2018-11-29 23:26:18.874 [main] INFO  o.s.c.s.PostProcessorRegistrationDelegate$BeanPostProcessorChecker - Bean 'com.baomidou.mybatisplus.autoconfigure.MybatisPlusAutoConfiguration' of type [com.baomidou.mybatisplus.autoconfigure.MybatisPlusAutoConfiguration$$EnhancerBySpringCGLIB$$1c277c15] is not eligible for getting processed by all BeanPostProcessors (for example: not eligible for auto-proxying)
2018-11-29 23:26:18.878 [main] INFO  o.s.c.s.PostProcessorRegistrationDelegate$BeanPostProcessorChecker - Bean 'org.springframework.boot.autoconfigure.jdbc.DataSourceConfiguration$Hikari' of type [org.springframework.boot.autoconfigure.jdbc.DataSourceConfiguration$Hikari] is not eligible for getting processed by all BeanPostProcessors (for example: not eligible for auto-proxying)
2018-11-29 23:26:18.890 [main] INFO  o.s.c.s.PostProcessorRegistrationDelegate$BeanPostProcessorChecker - Bean 'spring.datasource-org.springframework.boot.autoconfigure.jdbc.DataSourceProperties' of type [org.springframework.boot.autoconfigure.jdbc.DataSourceProperties] is not eligible for getting processed by all BeanPostProcessors (for example: not eligible for auto-proxying)
2018-11-29 23:26:18.961 [main] INFO  o.s.c.s.PostProcessorRegistrationDelegate$BeanPostProcessorChecker - Bean 'dataSource' of type [com.zaxxer.hikari.HikariDataSource] is not eligible for getting processed by all BeanPostProcessors (for example: not eligible for auto-proxying)
2018-11-29 23:26:19.054 [main] INFO  o.s.c.s.PostProcessorRegistrationDelegate$BeanPostProcessorChecker - Bean 'metaObjectHandlerConfig' of type [com.baomidou.springboot.config.MetaObjectHandlerConfig] is not eligible for getting processed by all BeanPostProcessors (for example: not eligible for auto-proxying)
2018-11-29 23:26:19.071 [main] INFO  com.zaxxer.hikari.HikariDataSource - HikariPool-1 - Starting...
2018-11-29 23:26:19.353 [main] INFO  com.zaxxer.hikari.HikariDataSource - HikariPool-1 - Start completed.
2018-11-29 23:26:19.824 [main] INFO  o.s.c.s.PostProcessorRegistrationDelegate$BeanPostProcessorChecker - Bean 'sqlSessionFactory' of type [org.apache.ibatis.session.defaults.DefaultSqlSessionFactory] is not eligible for getting processed by all BeanPostProcessors (for example: not eligible for auto-proxying)
2018-11-29 23:26:19.835 [main] INFO  o.s.c.s.PostProcessorRegistrationDelegate$BeanPostProcessorChecker - Bean 'sqlSessionTemplate' of type [org.mybatis.spring.SqlSessionTemplate] is not eligible for getting processed by all BeanPostProcessors (for example: not eligible for auto-proxying)
2018-11-29 23:26:19.857 [main] INFO  o.s.c.s.PostProcessorRegistrationDelegate$BeanPostProcessorChecker - Bean 'userMapper' of type [org.mybatis.spring.mapper.MapperFactoryBean] is not eligible for getting processed by all BeanPostProcessors (for example: not eligible for auto-proxying)
2018-11-29 23:26:19.858 [main] INFO  o.s.c.s.PostProcessorRegistrationDelegate$BeanPostProcessorChecker - Bean 'userMapper' of type [com.sun.proxy.$Proxy72] is not eligible for getting processed by all BeanPostProcessors (for example: not eligible for auto-proxying)
2018-11-29 23:26:19.860 [main] INFO  o.s.c.s.PostProcessorRegistrationDelegate$BeanPostProcessorChecker - Bean 'userServiceImpl' of type [com.baomidou.springboot.auth.service.impl.UserServiceImpl] is not eligible for getting processed by all BeanPostProcessors (for example: not eligible for auto-proxying)
2018-11-29 23:26:19.885 [main] INFO  o.s.c.s.PostProcessorRegistrationDelegate$BeanPostProcessorChecker - Bean 'permissionMapper' of type [org.mybatis.spring.mapper.MapperFactoryBean] is not eligible for getting processed by all BeanPostProcessors (for example: not eligible for auto-proxying)
2018-11-29 23:26:19.886 [main] INFO  o.s.c.s.PostProcessorRegistrationDelegate$BeanPostProcessorChecker - Bean 'permissionMapper' of type [com.sun.proxy.$Proxy74] is not eligible for getting processed by all BeanPostProcessors (for example: not eligible for auto-proxying)
2018-11-29 23:26:19.886 [main] INFO  o.s.c.s.PostProcessorRegistrationDelegate$BeanPostProcessorChecker - Bean 'permissionServiceImpl' of type [com.baomidou.springboot.auth.service.impl.PermissionServiceImpl] is not eligible for getting processed by all BeanPostProcessors (for example: not eligible for auto-proxying)
2018-11-29 23:26:19.893 [main] INFO  o.s.c.s.PostProcessorRegistrationDelegate$BeanPostProcessorChecker - Bean 'userRoleMapper' of type [org.mybatis.spring.mapper.MapperFactoryBean] is not eligible for getting processed by all BeanPostProcessors (for example: not eligible for auto-proxying)
2018-11-29 23:26:19.894 [main] INFO  o.s.c.s.PostProcessorRegistrationDelegate$BeanPostProcessorChecker - Bean 'userRoleMapper' of type [com.sun.proxy.$Proxy75] is not eligible for getting processed by all BeanPostProcessors (for example: not eligible for auto-proxying)
2018-11-29 23:26:19.894 [main] INFO  o.s.c.s.PostProcessorRegistrationDelegate$BeanPostProcessorChecker - Bean 'userRoleServiceImpl' of type [com.baomidou.springboot.auth.service.impl.UserRoleServiceImpl] is not eligible for getting processed by all BeanPostProcessors (for example: not eligible for auto-proxying)
2018-11-29 23:26:19.901 [main] INFO  o.s.c.s.PostProcessorRegistrationDelegate$BeanPostProcessorChecker - Bean 'roleMapper' of type [org.mybatis.spring.mapper.MapperFactoryBean] is not eligible for getting processed by all BeanPostProcessors (for example: not eligible for auto-proxying)
2018-11-29 23:26:19.902 [main] INFO  o.s.c.s.PostProcessorRegistrationDelegate$BeanPostProcessorChecker - Bean 'roleMapper' of type [com.sun.proxy.$Proxy76] is not eligible for getting processed by all BeanPostProcessors (for example: not eligible for auto-proxying)
2018-11-29 23:26:19.902 [main] INFO  o.s.c.s.PostProcessorRegistrationDelegate$BeanPostProcessorChecker - Bean 'roleServiceImpl' of type [com.baomidou.springboot.auth.service.impl.RoleServiceImpl] is not eligible for getting processed by all BeanPostProcessors (for example: not eligible for auto-proxying)
2018-11-29 23:26:19.903 [main] INFO  org.apache.shiro.realm.AuthorizingRealm - No cache or cacheManager properties have been set.  Authorization cache cannot be obtained.
2018-11-29 23:26:19.903 [main] INFO  o.s.c.s.PostProcessorRegistrationDelegate$BeanPostProcessorChecker - Bean 'shiroRealm' of type [com.baomidou.springboot.config.shiro.ShiroRealm] is not eligible for getting processed by all BeanPostProcessors (for example: not eligible for auto-proxying)
2018-11-29 23:26:19.904 [main] INFO  org.apache.shiro.cache.ehcache.EhCacheManager - Cache with name 'com.baomidou.springboot.config.shiro.ShiroRealm.authorizationCache' does not yet exist.  Creating now.
2018-11-29 23:26:19.905 [main] INFO  org.apache.shiro.cache.ehcache.EhCacheManager - Added EhCache named [com.baomidou.springboot.config.shiro.ShiroRealm.authorizationCache]
2018-11-29 23:26:19.908 [main] INFO  o.s.c.s.PostProcessorRegistrationDelegate$BeanPostProcessorChecker - Bean 'rememberMeCookie' of type [org.apache.shiro.web.servlet.SimpleCookie] is not eligible for getting processed by all BeanPostProcessors (for example: not eligible for auto-proxying)
2018-11-29 23:26:19.912 [main] INFO  o.s.c.s.PostProcessorRegistrationDelegate$BeanPostProcessorChecker - Bean 'rememberMeManager' of type [org.apache.shiro.web.mgt.CookieRememberMeManager] is not eligible for getting processed by all BeanPostProcessors (for example: not eligible for auto-proxying)
2018-11-29 23:26:19.921 [main] INFO  o.s.c.s.PostProcessorRegistrationDelegate$BeanPostProcessorChecker - Bean 'securityManager' of type [org.apache.shiro.web.mgt.DefaultWebSecurityManager] is not eligible for getting processed by all BeanPostProcessors (for example: not eligible for auto-proxying)
2018-11-29 23:26:19.970 [main] INFO  o.s.c.s.PostProcessorRegistrationDelegate$BeanPostProcessorChecker - Bean 'authorizationAttributeSourceAdvisor' of type [org.apache.shiro.spring.security.interceptor.AuthorizationAttributeSourceAdvisor] is not eligible for getting processed by all BeanPostProcessors (for example: not eligible for auto-proxying)
2018-11-29 23:26:19.989 [main] INFO  o.s.c.s.PostProcessorRegistrationDelegate$BeanPostProcessorChecker - Bean 'org.springframework.transaction.annotation.ProxyTransactionManagementConfiguration' of type [org.springframework.transaction.annotation.ProxyTransactionManagementConfiguration$$EnhancerBySpringCGLIB$$de5f0f7b] is not eligible for getting processed by all BeanPostProcessors (for example: not eligible for auto-proxying)
2018-11-29 23:26:20.413 [main] INFO  o.s.boot.web.embedded.tomcat.TomcatWebServer - Tomcat initialized with port(s): 8080 (http)
2018-11-29 23:26:20.431 [main] INFO  org.apache.coyote.http11.Http11NioProtocol - Initializing ProtocolHandler ["http-nio-8080"]
2018-11-29 23:26:20.442 [main] INFO  org.apache.catalina.core.StandardService - Starting service [Tomcat]
2018-11-29 23:26:20.443 [main] INFO  org.apache.catalina.core.StandardEngine - Starting Servlet Engine: Apache Tomcat/8.5.31
2018-11-29 23:26:20.447 [localhost-startStop-1] INFO  org.apache.catalina.core.AprLifecycleListener - The APR based Apache Tomcat Native library which allows optimal performance in production environments was not found on the java.library.path: [/Users/lht/Library/Java/Extensions:/Library/Java/Extensions:/Network/Library/Java/Extensions:/System/Library/Java/Extensions:/usr/lib/java:.]
2018-11-29 23:26:20.541 [localhost-startStop-1] INFO  o.a.c.core.ContainerBase.[Tomcat].[localhost].[/] - Initializing Spring embedded WebApplicationContext
2018-11-29 23:26:20.541 [localhost-startStop-1] INFO  org.springframework.web.context.ContextLoader - Root WebApplicationContext: initialization completed in 3260 ms
2018-11-29 23:26:20.678 [localhost-startStop-1] INFO  org.apache.shiro.cache.ehcache.EhCacheManager - Cache with name 'shiro-kickout-session' does not yet exist.  Creating now.
2018-11-29 23:26:20.678 [localhost-startStop-1] INFO  org.apache.shiro.cache.ehcache.EhCacheManager - Added EhCache named [shiro-kickout-session]
2018-11-29 23:26:20.799 [localhost-startStop-1] INFO  o.s.boot.web.servlet.FilterRegistrationBean - Mapping filter: 'characterEncodingFilter' to: [/*]
2018-11-29 23:26:20.799 [localhost-startStop-1] INFO  o.s.boot.web.servlet.FilterRegistrationBean - Mapping filter: 'hiddenHttpMethodFilter' to: [/*]
2018-11-29 23:26:20.799 [localhost-startStop-1] INFO  o.s.boot.web.servlet.FilterRegistrationBean - Mapping filter: 'httpPutFormContentFilter' to: [/*]
2018-11-29 23:26:20.800 [localhost-startStop-1] INFO  o.s.boot.web.servlet.FilterRegistrationBean - Mapping filter: 'requestContextFilter' to: [/*]
2018-11-29 23:26:20.800 [localhost-startStop-1] INFO  o.s.boot.web.servlet.FilterRegistrationBean - Mapping filter: 'jwtFilter' to urls: [*.auth]
2018-11-29 23:26:20.800 [localhost-startStop-1] INFO  o.s.boot.web.servlet.FilterRegistrationBean - Mapping filter: 'shiroFilter' to: [/*]
2018-11-29 23:26:20.800 [localhost-startStop-1] INFO  o.s.boot.web.servlet.FilterRegistrationBean - Mapping filter: 'kickoutSessionControlFilter' to: [/*]
2018-11-29 23:26:20.800 [localhost-startStop-1] INFO  o.s.boot.web.servlet.ServletRegistrationBean - Servlet dispatcherServlet mapped to [/]
2018-11-29 23:26:21.983 [main] INFO  o.s.web.servlet.handler.SimpleUrlHandlerMapping - Mapped URL path [/**/favicon.ico] onto handler of type [class org.springframework.web.servlet.resource.ResourceHttpRequestHandler]
2018-11-29 23:26:22.321 [main] INFO  o.s.w.s.m.m.a.RequestMappingHandlerAdapter - Looking for @ControllerAdvice: org.springframework.boot.web.servlet.context.AnnotationConfigServletWebServerApplicationContext@6f152006: startup date [Thu Nov 29 23:26:17 CST 2018]; root of context hierarchy
2018-11-29 23:26:22.412 [main] INFO  o.s.w.s.m.m.a.RequestMappingHandlerMapping - Mapped "{[/article/update]}" onto public com.baomidou.springboot.response.ResponseMessage<java.lang.Boolean> com.baomidou.springboot.content.controller.ArticleController.update(com.baomidou.springboot.content.vo.ArticleVO,java.lang.Long)
2018-11-29 23:26:22.414 [main] INFO  o.s.w.s.m.m.a.RequestMappingHandlerMapping - Mapped "{[/article/get],methods=[GET]}" onto public com.baomidou.springboot.response.ResponseMessage<com.baomidou.springboot.content.vo.ArticleVO> com.baomidou.springboot.content.controller.ArticleController.getById(java.lang.Long)
2018-11-29 23:26:22.414 [main] INFO  o.s.w.s.m.m.a.RequestMappingHandlerMapping - Mapped "{[/article/add],methods=[POST]}" onto public com.baomidou.springboot.response.ResponseMessage<java.lang.Boolean> com.baomidou.springboot.content.controller.ArticleController.addArticle(com.baomidou.springboot.content.entity.Article,java.lang.String)
2018-11-29 23:26:22.415 [main] INFO  o.s.w.s.m.m.a.RequestMappingHandlerMapping - Mapped "{[/article/{id}]}" onto public com.baomidou.springboot.response.ResponseMessage<java.lang.Boolean> com.baomidou.springboot.content.controller.ArticleController.deleteById(java.lang.Long)
2018-11-29 23:26:22.415 [main] INFO  o.s.w.s.m.m.a.RequestMappingHandlerMapping - Mapped "{[/article/getByUser],methods=[GET]}" onto public com.baomidou.springboot.response.ResponseMessage<java.util.List<com.baomidou.springboot.content.vo.ArticleVO>> com.baomidou.springboot.content.controller.ArticleController.getByUser(java.lang.Long)
2018-11-29 23:26:22.415 [main] INFO  o.s.w.s.m.m.a.RequestMappingHandlerMapping - Mapped "{[/article/getAll],methods=[GET]}" onto public com.baomidou.springboot.response.ResponseMessage<java.util.List<com.baomidou.springboot.content.vo.ArticleVO>> com.baomidou.springboot.content.controller.ArticleController.getAll()
2018-11-29 23:26:22.415 [main] INFO  o.s.w.s.m.m.a.RequestMappingHandlerMapping - Mapped "{[/article/page],methods=[GET]}" onto public com.baomidou.springboot.response.ResponseMessage<com.baomidou.mybatisplus.core.metadata.IPage<com.baomidou.springboot.content.vo.ArticleVO>> com.baomidou.springboot.content.controller.ArticleController.page(java.lang.Integer,java.lang.Integer)
2018-11-29 23:26:22.416 [main] INFO  o.s.w.s.m.m.a.RequestMappingHandlerMapping - Mapped "{[/article/like_title],methods=[GET]}" onto public com.baomidou.springboot.response.ResponseMessage<java.util.List<com.baomidou.springboot.content.vo.ArticleVO>> com.baomidou.springboot.content.controller.ArticleController.getArticleByWrapper(java.lang.String)
2018-11-29 23:26:22.416 [main] INFO  o.s.w.s.m.m.a.RequestMappingHandlerMapping - Mapped "{[/article/page_helper],methods=[GET]}" onto public com.baomidou.mybatisplus.core.metadata.IPage com.baomidou.springboot.content.controller.ArticleController.pagehelper(com.baomidou.mybatisplus.extension.plugins.pagination.Page)
2018-11-29 23:26:22.417 [main] INFO  o.s.w.s.m.m.a.RequestMappingHandlerMapping - Mapped "{[/article/test_transactional],methods=[GET]}" onto public void com.baomidou.springboot.content.controller.ArticleController.testTransactional(com.baomidou.springboot.content.vo.ArticleVO)
2018-11-29 23:26:22.418 [main] INFO  o.s.w.s.m.m.a.RequestMappingHandlerMapping - Mapped "{[/comments/page],methods=[GET]}" onto public com.baomidou.springboot.response.ResponseMessage com.baomidou.springboot.content.controller.CommentsController.test(java.lang.Integer,java.lang.Integer)
2018-11-29 23:26:22.419 [main] INFO  o.s.w.s.m.m.a.RequestMappingHandlerMapping - Mapped "{[/comments/{id}]}" onto public com.baomidou.springboot.response.ResponseMessage<java.lang.Boolean> com.baomidou.springboot.content.controller.CommentsController.deleteById(java.lang.Long)
2018-11-29 23:26:22.419 [main] INFO  o.s.w.s.m.m.a.RequestMappingHandlerMapping - Mapped "{[/comments/getAll],methods=[GET]}" onto public com.baomidou.springboot.response.ResponseMessage<java.util.List<com.baomidou.springboot.content.vo.CommentsVO>> com.baomidou.springboot.content.controller.CommentsController.getAll(java.lang.Long)
2018-11-29 23:26:22.419 [main] INFO  o.s.w.s.m.m.a.RequestMappingHandlerMapping - Mapped "{[/comments/add],methods=[POST]}" onto public com.baomidou.springboot.response.ResponseMessage<java.lang.Boolean> com.baomidou.springboot.content.controller.CommentsController.addComments(com.baomidou.springboot.content.entity.Comments)
2018-11-29 23:26:22.420 [main] INFO  o.s.w.s.m.m.a.RequestMappingHandlerMapping - Mapped "{[/focus/getAll],methods=[GET]}" onto public com.baomidou.springboot.response.ResponseMessage<java.util.List<com.baomidou.springboot.auth.entity.User>> com.baomidou.springboot.content.controller.FocusUserController.getAll(java.lang.Long)
2018-11-29 23:26:22.422 [main] INFO  o.s.w.s.m.m.a.RequestMappingHandlerMapping - Mapped "{[/friendgroup/update],methods=[PUT]}" onto public com.baomidou.springboot.response.ResponseMessage<java.lang.Boolean> com.baomidou.springboot.im.controller.FriendGroupController.update(com.baomidou.springboot.im.entity.FriendGroup)
2018-11-29 23:26:22.423 [main] INFO  o.s.w.s.m.m.a.RequestMappingHandlerMapping - Mapped "{[/friendgroup/delete/{id}],methods=[DELETE]}" onto public com.baomidou.springboot.response.ResponseMessage<java.lang.Boolean> com.baomidou.springboot.im.controller.FriendGroupController.delete(java.lang.String)
2018-11-29 23:26:22.423 [main] INFO  o.s.w.s.m.m.a.RequestMappingHandlerMapping - Mapped "{[/friendgroup/get/{id}],methods=[GET]}" onto public com.baomidou.springboot.response.ResponseMessage<java.util.List<com.baomidou.springboot.im.entity.FriendGroup>> com.baomidou.springboot.im.controller.FriendGroupController.getFrientGroups(java.lang.String)
2018-11-29 23:26:22.424 [main] INFO  o.s.w.s.m.m.a.RequestMappingHandlerMapping - Mapped "{[/index/register]}" onto public com.baomidou.springboot.response.ResponseMessage com.baomidou.springboot.controller.IndexController.reg(com.baomidou.springboot.auth.vo.UserVO)
2018-11-29 23:26:22.424 [main] INFO  o.s.w.s.m.m.a.RequestMappingHandlerMapping - Mapped "{[/index/login]}" onto public com.baomidou.springboot.response.ResponseMessage com.baomidou.springboot.controller.IndexController.login(java.lang.String,java.lang.String,java.lang.String,java.lang.String)
2018-11-29 23:26:22.424 [main] INFO  o.s.w.s.m.m.a.RequestMappingHandlerMapping - Mapped "{[/index/logout]}" onto public com.baomidou.springboot.response.ResponseMessage com.baomidou.springboot.controller.IndexController.logout()
2018-11-29 23:26:22.425 [main] INFO  o.s.w.s.m.m.a.RequestMappingHandlerMapping - Mapped "{[/love/getALl],methods=[GET]}" onto public com.baomidou.springboot.response.ResponseMessage<java.util.List<com.baomidou.springboot.content.vo.ArticleVO>> com.baomidou.springboot.content.controller.LoveArticleController.getAll(java.lang.Long)
2018-11-29 23:26:22.426 [main] INFO  o.s.w.s.m.m.a.RequestMappingHandlerMapping - Mapped "{[/permission/get],methods=[GET]}" onto public com.baomidou.springboot.response.ResponseMessage<java.util.List<com.baomidou.springboot.auth.entity.Permission>> com.baomidou.springboot.auth.controller.PermissionController.get()
2018-11-29 23:26:22.427 [main] INFO  o.s.w.s.m.m.a.RequestMappingHandlerMapping - Mapped "{[/article_photos/update]}" onto public com.baomidou.springboot.response.ResponseMessage com.baomidou.springboot.content.controller.PhotoArticleController.update(com.baomidou.springboot.content.entity.Photos)
2018-11-29 23:26:22.427 [main] INFO  o.s.w.s.m.m.a.RequestMappingHandlerMapping - Mapped "{[/article_photos/add]}" onto public com.baomidou.springboot.response.ResponseMessage com.baomidou.springboot.content.controller.PhotoArticleController.addPhotoByArticle(java.util.List<java.lang.String>,java.lang.Long)
2018-11-29 23:26:22.427 [main] INFO  o.s.w.s.m.m.a.RequestMappingHandlerMapping - Mapped "{[/role/get],methods=[GET]}" onto public com.baomidou.springboot.response.ResponseMessage<java.util.List<com.baomidou.springboot.auth.entity.Role>> com.baomidou.springboot.auth.controller.RoleController.get()
2018-11-29 23:26:22.428 [main] INFO  o.s.w.s.m.m.a.RequestMappingHandlerMapping - Mapped "{[/role_permission/get],methods=[GET]}" onto public com.baomidou.springboot.response.ResponseMessage<java.util.List<com.baomidou.springboot.auth.entity.RolePermission>> com.baomidou.springboot.auth.controller.RolePermissionController.get(java.lang.Long)
2018-11-29 23:26:22.433 [main] INFO  o.s.w.s.m.m.a.RequestMappingHandlerMapping - Mapped "{[/user/register]}" onto public com.baomidou.springboot.response.ResponseMessage com.baomidou.springboot.auth.controller.UserController.register(com.baomidou.springboot.auth.vo.UserVO)
2018-11-29 23:26:22.433 [main] INFO  o.s.w.s.m.m.a.RequestMappingHandlerMapping - Mapped "{[/user/update]}" onto public com.baomidou.springboot.response.ResponseMessage<java.lang.Boolean> com.baomidou.springboot.auth.controller.UserController.update(com.baomidou.springboot.auth.vo.UserVO)
2018-11-29 23:26:22.434 [main] INFO  o.s.w.s.m.m.a.RequestMappingHandlerMapping - Mapped "{[/user/page],methods=[GET]}" onto public com.baomidou.springboot.response.ResponseMessage com.baomidou.springboot.auth.controller.UserController.test(java.lang.Integer,java.lang.Integer)
2018-11-29 23:26:22.434 [main] INFO  o.s.w.s.m.m.a.RequestMappingHandlerMapping - Mapped "{[/user/login]}" onto public com.baomidou.springboot.response.ResponseMessage com.baomidou.springboot.auth.controller.UserController.login(java.lang.String,java.lang.String)
2018-11-29 23:26:22.434 [main] INFO  o.s.w.s.m.m.a.RequestMappingHandlerMapping - Mapped "{[/user/{id}]}" onto public com.baomidou.springboot.response.ResponseMessage<java.lang.Boolean> com.baomidou.springboot.auth.controller.UserController.deleteById(java.lang.String)
2018-11-29 23:26:22.435 [main] INFO  o.s.w.s.m.m.a.RequestMappingHandlerMapping - Mapped "{[/user/checkName]}" onto public com.baomidou.springboot.response.ResponseMessage com.baomidou.springboot.auth.controller.UserController.isName(java.lang.String)
2018-11-29 23:26:22.435 [main] INFO  o.s.w.s.m.m.a.RequestMappingHandlerMapping - Mapped "{[/user/add],methods=[POST]}" onto public com.baomidou.springboot.response.ResponseMessage<java.lang.Boolean> com.baomidou.springboot.auth.controller.UserController.addUser(com.baomidou.springboot.auth.vo.UserVO)
2018-11-29 23:26:22.435 [main] INFO  o.s.w.s.m.m.a.RequestMappingHandlerMapping - Mapped "{[/user/page_helper],methods=[GET]}" onto public com.baomidou.mybatisplus.core.metadata.IPage com.baomidou.springboot.auth.controller.UserController.pagehelper(com.baomidou.mybatisplus.extension.plugins.pagination.Page)
2018-11-29 23:26:22.435 [main] INFO  o.s.w.s.m.m.a.RequestMappingHandlerMapping - Mapped "{[/user/test_transactional],methods=[GET]}" onto public void com.baomidou.springboot.auth.controller.UserController.testTransactional(com.baomidou.springboot.auth.entity.User)
2018-11-29 23:26:22.435 [main] INFO  o.s.w.s.m.m.a.RequestMappingHandlerMapping - Mapped "{[/user/checkPhone]}" onto public com.baomidou.springboot.response.ResponseMessage com.baomidou.springboot.auth.controller.UserController.isPhone(java.lang.String)
2018-11-29 23:26:22.436 [main] INFO  o.s.w.s.m.m.a.RequestMappingHandlerMapping - Mapped "{[/user/checkEmail]}" onto public com.baomidou.springboot.response.ResponseMessage com.baomidou.springboot.auth.controller.UserController.isEmail(java.lang.String)
2018-11-29 23:26:22.436 [main] INFO  o.s.w.s.m.m.a.RequestMappingHandlerMapping - Mapped "{[/user/select_sql],methods=[GET]}" onto public java.lang.Object com.baomidou.springboot.auth.controller.UserController.getUserBySql()
2018-11-29 23:26:22.436 [main] INFO  o.s.w.s.m.m.a.RequestMappingHandlerMapping - Mapped "{[/user/like_name],methods=[GET]}" onto public com.baomidou.springboot.response.ResponseMessage<java.util.List<com.baomidou.springboot.auth.vo.UserVO>> com.baomidou.springboot.auth.controller.UserController.getUserByWrapper(java.lang.String)
2018-11-29 23:26:22.437 [main] INFO  o.s.w.s.m.m.a.RequestMappingHandlerMapping - Mapped "{[/user_role/getByUserId],methods=[GET]}" onto public com.baomidou.springboot.response.ResponseMessage<java.util.List<com.baomidou.springboot.auth.entity.UserRole>> com.baomidou.springboot.auth.controller.UserRoleController.get(java.lang.Long)
2018-11-29 23:26:22.438 [main] INFO  o.s.w.s.m.m.a.RequestMappingHandlerMapping - Mapped "{[/article_video/update]}" onto public com.baomidou.springboot.response.ResponseMessage com.baomidou.springboot.content.controller.VideoArticleController.update(com.baomidou.springboot.content.entity.Video)
2018-11-29 23:26:22.439 [main] INFO  o.s.w.s.m.m.a.RequestMappingHandlerMapping - Mapped "{[/article_video/add]}" onto public com.baomidou.springboot.response.ResponseMessage com.baomidou.springboot.content.controller.VideoArticleController.addPhotoByArticle(com.baomidou.springboot.content.entity.Video)
2018-11-29 23:26:22.442 [main] INFO  o.s.w.s.m.m.a.RequestMappingHandlerMapping - Mapped "{[/error]}" onto public org.springframework.http.ResponseEntity<java.util.Map<java.lang.String, java.lang.Object>> org.springframework.boot.autoconfigure.web.servlet.error.BasicErrorController.error(javax.servlet.http.HttpServletRequest)
2018-11-29 23:26:22.442 [main] INFO  o.s.w.s.m.m.a.RequestMappingHandlerMapping - Mapped "{[/error],produces=[text/html]}" onto public org.springframework.web.servlet.ModelAndView org.springframework.boot.autoconfigure.web.servlet.error.BasicErrorController.errorHtml(javax.servlet.http.HttpServletRequest,javax.servlet.http.HttpServletResponse)
2018-11-29 23:26:22.529 [main] INFO  o.s.web.servlet.handler.SimpleUrlHandlerMapping - Mapped URL path [/webjars/**] onto handler of type [class org.springframework.web.servlet.resource.ResourceHttpRequestHandler]
2018-11-29 23:26:22.529 [main] INFO  o.s.web.servlet.handler.SimpleUrlHandlerMapping - Mapped URL path [/**] onto handler of type [class org.springframework.web.servlet.resource.ResourceHttpRequestHandler]
2018-11-29 23:26:22.975 [main] INFO  o.s.ui.freemarker.SpringTemplateLoader - SpringTemplateLoader for FreeMarker: using resource loader [org.springframework.boot.web.servlet.context.AnnotationConfigServletWebServerApplicationContext@6f152006: startup date [Thu Nov 29 23:26:17 CST 2018]; root of context hierarchy] and template loader path [classpath:/templates/]
2018-11-29 23:26:22.976 [main] INFO  o.s.w.servlet.view.freemarker.FreeMarkerConfigurer - ClassTemplateLoader for Spring macros added to FreeMarker configuration
2018-11-29 23:26:23.214 [main] INFO  o.s.jmx.export.annotation.AnnotationMBeanExporter - Registering beans for JMX exposure on startup
2018-11-29 23:26:23.215 [main] INFO  o.s.jmx.export.annotation.AnnotationMBeanExporter - Bean with name 'dataSource' has been autodetected for JMX exposure
2018-11-29 23:26:23.224 [main] INFO  o.s.jmx.export.annotation.AnnotationMBeanExporter - Located MBean 'dataSource': registering with JMX server as MBean [com.zaxxer.hikari:name=dataSource,type=HikariDataSource]
2018-11-29 23:26:23.235 [main] INFO  org.apache.coyote.http11.Http11NioProtocol - Starting ProtocolHandler ["http-nio-8080"]
2018-11-29 23:26:23.258 [main] INFO  org.apache.tomcat.util.net.NioSelectorPool - Using a shared selector for servlet write/read
2018-11-29 23:26:23.275 [main] INFO  o.s.boot.web.embedded.tomcat.TomcatWebServer - Tomcat started on port(s): 8080 (http) with context path ''
2018-11-29 23:26:23.281 [main] INFO  com.baomidou.springboot.Application - Started Application in 6.887 seconds (JVM running for 8.396)
2018-11-29 23:26:23.283 [main] INFO  com.baomidou.springboot.Application - PortalApplication is success!
2018-11-29 23:26:56.127 [Thread-18] INFO  o.s.b.w.s.c.AnnotationConfigServletWebServerApplicationContext - Closing org.springframework.boot.web.servlet.context.AnnotationConfigServletWebServerApplicationContext@6f152006: startup date [Thu Nov 29 23:26:17 CST 2018]; root of context hierarchy
2018-11-29 23:26:56.137 [Thread-18] INFO  o.s.jmx.export.annotation.AnnotationMBeanExporter - Unregistering JMX-exposed beans on shutdown
2018-11-29 23:26:56.140 [Thread-18] INFO  o.s.jmx.export.annotation.AnnotationMBeanExporter - Unregistering JMX-exposed beans
2018-11-29 23:26:56.164 [Thread-18] INFO  com.zaxxer.hikari.HikariDataSource - HikariPool-1 - Shutdown initiated...
2018-11-29 23:26:56.169 [Thread-18] INFO  com.zaxxer.hikari.HikariDataSource - HikariPool-1 - Shutdown completed.
