2018-10-30 10:18:25.567 [main] INFO  com.baomidou.springboot.Application - Starting Application on DESKTOP-MGQRI9S with PID 73428 (E:\person-project\mybatisplus-spring-boot\target\classes started by kedacom in E:\person-project\mybatisplus-spring-boot)
2018-10-30 10:18:25.573 [main] INFO  com.baomidou.springboot.Application - No active profile set, falling back to default profiles: default
2018-10-30 10:18:25.718 [main] INFO  o.s.b.w.s.c.AnnotationConfigServletWebServerApplicationContext - Refreshing org.springframework.boot.web.servlet.context.AnnotationConfigServletWebServerApplicationContext@a43ce46: startup date [Tue Oct 30 10:18:25 CST 2018]; root of context hierarchy
2018-10-30 10:18:27.942 [main] INFO  o.s.b.factory.support.DefaultListableBeanFactory - Overriding bean definition for bean 'websocketContainerCustomizer' with a different definition: replacing [Root bean: class [null]; scope=; abstract=false; lazyInit=false; autowireMode=3; dependencyCheck=0; autowireCandidate=true; primary=false; factoryBeanName=org.springframework.boot.autoconfigure.websocket.servlet.WebSocketServletAutoConfiguration$JettyWebSocketConfiguration; factoryMethodName=websocketContainerCustomizer; initMethodName=null; destroyMethodName=(inferred); defined in class path resource [org/springframework/boot/autoconfigure/websocket/servlet/WebSocketServletAutoConfiguration$JettyWebSocketConfiguration.class]] with [Root bean: class [null]; scope=; abstract=false; lazyInit=false; autowireMode=3; dependencyCheck=0; autowireCandidate=true; primary=false; factoryBeanName=org.springframework.boot.autoconfigure.websocket.servlet.WebSocketServletAutoConfiguration$TomcatWebSocketConfiguration; factoryMethodName=websocketContainerCustomizer; initMethodName=null; destroyMethodName=(inferred); defined in class path resource [org/springframework/boot/autoconfigure/websocket/servlet/WebSocketServletAutoConfiguration$TomcatWebSocketConfiguration.class]]
2018-10-30 10:18:28.121 [main] INFO  o.s.b.factory.support.DefaultListableBeanFactory - Overriding bean definition for bean 'dataSource' with a different definition: replacing [Root bean: class [null]; scope=; abstract=false; lazyInit=false; autowireMode=3; dependencyCheck=0; autowireCandidate=true; primary=false; factoryBeanName=org.springframework.boot.autoconfigure.jdbc.DataSourceConfiguration$Generic; factoryMethodName=dataSource; initMethodName=null; destroyMethodName=(inferred); defined in class path resource [org/springframework/boot/autoconfigure/jdbc/DataSourceConfiguration$Generic.class]] with [Root bean: class [null]; scope=; abstract=false; lazyInit=false; autowireMode=3; dependencyCheck=0; autowireCandidate=true; primary=false; factoryBeanName=org.springframework.boot.autoconfigure.jdbc.DataSourceConfiguration$Hikari; factoryMethodName=dataSource; initMethodName=null; destroyMethodName=(inferred); defined in class path resource [org/springframework/boot/autoconfigure/jdbc/DataSourceConfiguration$Hikari.class]]
2018-10-30 10:18:28.329 [main] WARN  org.mybatis.spring.mapper.ClassPathMapperScanner - No MyBatis mapper was found in '[com.baomidou.springboot]' package. Please check your configuration.
2018-10-30 10:18:28.441 [main] INFO  o.s.d.r.config.RepositoryConfigurationDelegate - Multiple Spring Data modules found, entering strict repository configuration mode!
2018-10-30 10:18:28.729 [main] WARN  o.s.c.annotation.ConfigurationClassPostProcessor - Cannot enhance @Configuration bean definition 'commonsConfig' since its singleton instance has been created too early. The typical cause is a non-static @Bean method with a BeanDefinitionRegistryPostProcessor return type: Consider declaring such methods as 'static'.
2018-10-30 10:18:29.016 [main] INFO  o.s.c.s.PostProcessorRegistrationDelegate$BeanPostProcessorChecker - Bean 'shiroConfig' of type [com.baomidou.springboot.auth.shiro.ShiroConfig$$EnhancerBySpringCGLIB$$40fe37ac] is not eligible for getting processed by all BeanPostProcessors (for example: not eligible for auto-proxying)
2018-10-30 10:18:29.493 [main] INFO  o.s.c.s.PostProcessorRegistrationDelegate$BeanPostProcessorChecker - Bean 'ehCacheManager' of type [org.apache.shiro.cache.ehcache.EhCacheManager] is not eligible for getting processed by all BeanPostProcessors (for example: not eligible for auto-proxying)
2018-10-30 10:18:29.494 [main] INFO  org.apache.shiro.cache.ehcache.EhCacheManager - Cache with name 'passwordRetryCache' does not yet exist.  Creating now.
2018-10-30 10:18:29.567 [main] INFO  org.apache.shiro.cache.ehcache.EhCacheManager - Added EhCache named [passwordRetryCache]
2018-10-30 10:18:29.575 [main] INFO  o.s.c.s.PostProcessorRegistrationDelegate$BeanPostProcessorChecker - Bean 'hashedCredentialsMatcher' of type [com.baomidou.springboot.auth.shiro.RetryLimitHashedCredentialsMatcher] is not eligible for getting processed by all BeanPostProcessors (for example: not eligible for auto-proxying)
2018-10-30 10:18:29.686 [main] INFO  o.s.c.s.PostProcessorRegistrationDelegate$BeanPostProcessorChecker - Bean 'org.springframework.boot.context.properties.ConversionServiceDeducer$Factory' of type [org.springframework.boot.context.properties.ConversionServiceDeducer$Factory] is not eligible for getting processed by all BeanPostProcessors (for example: not eligible for auto-proxying)
2018-10-30 10:18:29.752 [main] INFO  o.s.c.s.PostProcessorRegistrationDelegate$BeanPostProcessorChecker - Bean 'mybatis-plus-com.baomidou.mybatisplus.autoconfigure.MybatisPlusProperties' of type [com.baomidou.mybatisplus.autoconfigure.MybatisPlusProperties] is not eligible for getting processed by all BeanPostProcessors (for example: not eligible for auto-proxying)
2018-10-30 10:18:29.792 [main] INFO  o.s.c.s.PostProcessorRegistrationDelegate$BeanPostProcessorChecker - Bean 'paginationInterceptor' of type [com.baomidou.mybatisplus.extension.plugins.PaginationInterceptor] is not eligible for getting processed by all BeanPostProcessors (for example: not eligible for auto-proxying)
2018-10-30 10:18:29.802 [main] INFO  o.s.c.s.PostProcessorRegistrationDelegate$BeanPostProcessorChecker - Bean 'com.baomidou.mybatisplus.autoconfigure.MybatisPlusAutoConfiguration' of type [com.baomidou.mybatisplus.autoconfigure.MybatisPlusAutoConfiguration$$EnhancerBySpringCGLIB$$337e91cb] is not eligible for getting processed by all BeanPostProcessors (for example: not eligible for auto-proxying)
2018-10-30 10:18:29.807 [main] INFO  o.s.c.s.PostProcessorRegistrationDelegate$BeanPostProcessorChecker - Bean 'org.springframework.boot.autoconfigure.jdbc.DataSourceConfiguration$Hikari' of type [org.springframework.boot.autoconfigure.jdbc.DataSourceConfiguration$Hikari] is not eligible for getting processed by all BeanPostProcessors (for example: not eligible for auto-proxying)
2018-10-30 10:18:29.821 [main] INFO  o.s.c.s.PostProcessorRegistrationDelegate$BeanPostProcessorChecker - Bean 'spring.datasource-org.springframework.boot.autoconfigure.jdbc.DataSourceProperties' of type [org.springframework.boot.autoconfigure.jdbc.DataSourceProperties] is not eligible for getting processed by all BeanPostProcessors (for example: not eligible for auto-proxying)
2018-10-30 10:18:29.906 [main] INFO  o.s.c.s.PostProcessorRegistrationDelegate$BeanPostProcessorChecker - Bean 'dataSource' of type [com.zaxxer.hikari.HikariDataSource] is not eligible for getting processed by all BeanPostProcessors (for example: not eligible for auto-proxying)
2018-10-30 10:18:30.100 [main] INFO  o.s.c.s.PostProcessorRegistrationDelegate$BeanPostProcessorChecker - Bean 'metaObjectHandlerConfig' of type [com.baomidou.springboot.config.MetaObjectHandlerConfig] is not eligible for getting processed by all BeanPostProcessors (for example: not eligible for auto-proxying)
2018-10-30 10:18:30.135 [main] INFO  com.zaxxer.hikari.HikariDataSource - HikariPool-1 - Starting...
2018-10-30 10:18:30.986 [main] INFO  com.zaxxer.hikari.HikariDataSource - HikariPool-1 - Start completed.
2018-10-30 10:18:31.784 [main] INFO  o.s.c.s.PostProcessorRegistrationDelegate$BeanPostProcessorChecker - Bean 'sqlSessionFactory' of type [org.apache.ibatis.session.defaults.DefaultSqlSessionFactory] is not eligible for getting processed by all BeanPostProcessors (for example: not eligible for auto-proxying)
2018-10-30 10:18:31.815 [main] INFO  o.s.c.s.PostProcessorRegistrationDelegate$BeanPostProcessorChecker - Bean 'sqlSessionTemplate' of type [org.mybatis.spring.SqlSessionTemplate] is not eligible for getting processed by all BeanPostProcessors (for example: not eligible for auto-proxying)
2018-10-30 10:18:31.845 [main] INFO  o.s.c.s.PostProcessorRegistrationDelegate$BeanPostProcessorChecker - Bean 'userMapper' of type [org.mybatis.spring.mapper.MapperFactoryBean] is not eligible for getting processed by all BeanPostProcessors (for example: not eligible for auto-proxying)
2018-10-30 10:18:31.847 [main] INFO  o.s.c.s.PostProcessorRegistrationDelegate$BeanPostProcessorChecker - Bean 'userMapper' of type [com.sun.proxy.$Proxy72] is not eligible for getting processed by all BeanPostProcessors (for example: not eligible for auto-proxying)
2018-10-30 10:18:31.849 [main] INFO  o.s.c.s.PostProcessorRegistrationDelegate$BeanPostProcessorChecker - Bean 'userServiceImpl' of type [com.baomidou.springboot.auth.service.impl.UserServiceImpl] is not eligible for getting processed by all BeanPostProcessors (for example: not eligible for auto-proxying)
2018-10-30 10:18:31.890 [main] INFO  o.s.c.s.PostProcessorRegistrationDelegate$BeanPostProcessorChecker - Bean 'permissionMapper' of type [org.mybatis.spring.mapper.MapperFactoryBean] is not eligible for getting processed by all BeanPostProcessors (for example: not eligible for auto-proxying)
2018-10-30 10:18:31.891 [main] INFO  o.s.c.s.PostProcessorRegistrationDelegate$BeanPostProcessorChecker - Bean 'permissionMapper' of type [com.sun.proxy.$Proxy74] is not eligible for getting processed by all BeanPostProcessors (for example: not eligible for auto-proxying)
2018-10-30 10:18:31.891 [main] INFO  o.s.c.s.PostProcessorRegistrationDelegate$BeanPostProcessorChecker - Bean 'permissionServiceImpl' of type [com.baomidou.springboot.auth.service.impl.PermissionServiceImpl] is not eligible for getting processed by all BeanPostProcessors (for example: not eligible for auto-proxying)
2018-10-30 10:18:31.899 [main] INFO  o.s.c.s.PostProcessorRegistrationDelegate$BeanPostProcessorChecker - Bean 'userRoleMapper' of type [org.mybatis.spring.mapper.MapperFactoryBean] is not eligible for getting processed by all BeanPostProcessors (for example: not eligible for auto-proxying)
2018-10-30 10:18:31.900 [main] INFO  o.s.c.s.PostProcessorRegistrationDelegate$BeanPostProcessorChecker - Bean 'userRoleMapper' of type [com.sun.proxy.$Proxy75] is not eligible for getting processed by all BeanPostProcessors (for example: not eligible for auto-proxying)
2018-10-30 10:18:31.900 [main] INFO  o.s.c.s.PostProcessorRegistrationDelegate$BeanPostProcessorChecker - Bean 'userRoleServiceImpl' of type [com.baomidou.springboot.auth.service.impl.UserRoleServiceImpl] is not eligible for getting processed by all BeanPostProcessors (for example: not eligible for auto-proxying)
2018-10-30 10:18:31.908 [main] INFO  o.s.c.s.PostProcessorRegistrationDelegate$BeanPostProcessorChecker - Bean 'roleMapper' of type [org.mybatis.spring.mapper.MapperFactoryBean] is not eligible for getting processed by all BeanPostProcessors (for example: not eligible for auto-proxying)
2018-10-30 10:18:31.909 [main] INFO  o.s.c.s.PostProcessorRegistrationDelegate$BeanPostProcessorChecker - Bean 'roleMapper' of type [com.sun.proxy.$Proxy76] is not eligible for getting processed by all BeanPostProcessors (for example: not eligible for auto-proxying)
2018-10-30 10:18:31.909 [main] INFO  o.s.c.s.PostProcessorRegistrationDelegate$BeanPostProcessorChecker - Bean 'roleServiceImpl' of type [com.baomidou.springboot.auth.service.impl.RoleServiceImpl] is not eligible for getting processed by all BeanPostProcessors (for example: not eligible for auto-proxying)
2018-10-30 10:18:31.909 [main] INFO  org.apache.shiro.realm.AuthorizingRealm - No cache or cacheManager properties have been set.  Authorization cache cannot be obtained.
2018-10-30 10:18:31.909 [main] INFO  o.s.c.s.PostProcessorRegistrationDelegate$BeanPostProcessorChecker - Bean 'shiroRealm' of type [com.baomidou.springboot.auth.shiro.ShiroRealm] is not eligible for getting processed by all BeanPostProcessors (for example: not eligible for auto-proxying)
2018-10-30 10:18:31.910 [main] INFO  org.apache.shiro.cache.ehcache.EhCacheManager - Cache with name 'com.baomidou.springboot.auth.shiro.ShiroRealm.authorizationCache' does not yet exist.  Creating now.
2018-10-30 10:18:31.910 [main] INFO  org.apache.shiro.cache.ehcache.EhCacheManager - Added EhCache named [com.baomidou.springboot.auth.shiro.ShiroRealm.authorizationCache]
2018-10-30 10:18:31.915 [main] INFO  o.s.c.s.PostProcessorRegistrationDelegate$BeanPostProcessorChecker - Bean 'rememberMeCookie' of type [org.apache.shiro.web.servlet.SimpleCookie] is not eligible for getting processed by all BeanPostProcessors (for example: not eligible for auto-proxying)
2018-10-30 10:18:31.946 [main] INFO  o.s.c.s.PostProcessorRegistrationDelegate$BeanPostProcessorChecker - Bean 'rememberMeManager' of type [org.apache.shiro.web.mgt.CookieRememberMeManager] is not eligible for getting processed by all BeanPostProcessors (for example: not eligible for auto-proxying)
2018-10-30 10:18:31.985 [main] INFO  o.s.c.s.PostProcessorRegistrationDelegate$BeanPostProcessorChecker - Bean 'securityManager' of type [org.apache.shiro.web.mgt.DefaultWebSecurityManager] is not eligible for getting processed by all BeanPostProcessors (for example: not eligible for auto-proxying)
2018-10-30 10:18:32.131 [main] INFO  o.s.c.s.PostProcessorRegistrationDelegate$BeanPostProcessorChecker - Bean 'org.springframework.transaction.annotation.ProxyTransactionManagementConfiguration' of type [org.springframework.transaction.annotation.ProxyTransactionManagementConfiguration$$EnhancerBySpringCGLIB$$f5b62531] is not eligible for getting processed by all BeanPostProcessors (for example: not eligible for auto-proxying)
2018-10-30 10:18:32.161 [main] INFO  o.s.c.s.PostProcessorRegistrationDelegate$BeanPostProcessorChecker - Bean 'authorizationAttributeSourceAdvisor' of type [org.apache.shiro.spring.security.interceptor.AuthorizationAttributeSourceAdvisor] is not eligible for getting processed by all BeanPostProcessors (for example: not eligible for auto-proxying)
2018-10-30 10:18:32.721 [main] INFO  o.s.boot.web.embedded.tomcat.TomcatWebServer - Tomcat initialized with port(s): 8080 (http)
2018-10-30 10:18:32.739 [main] INFO  org.apache.coyote.http11.Http11NioProtocol - Initializing ProtocolHandler ["http-nio-8080"]
2018-10-30 10:18:32.752 [main] INFO  org.apache.catalina.core.StandardService - Starting service [Tomcat]
2018-10-30 10:18:32.753 [main] INFO  org.apache.catalina.core.StandardEngine - Starting Servlet Engine: Apache Tomcat/8.5.31
2018-10-30 10:18:32.758 [localhost-startStop-1] INFO  org.apache.catalina.core.AprLifecycleListener - The APR based Apache Tomcat Native library which allows optimal performance in production environments was not found on the java.library.path: [D:\jdk_jre\jdk\bin;C:\Windows\Sun\Java\bin;C:\Windows\system32;C:\Windows;C:\ProgramData\Oracle\Java\javapath;C:\Windows\system32;C:\Windows;C:\Windows\System32\Wbem;C:\Windows\System32\WindowsPowerShell\v1.0\;D:\jdk_jre\jdk\bin;D:\Git\cmd;D:\apache-maven-3.5.4-bin\apache-maven-3.5.4\bin;D:\nodejs\;"D:\apache-tomcat-8.5.34\lib;D:\apache-tomcat-8.5.34\bin";C:\Users\kedacom\AppData\Local\Microsoft\WindowsApps;;.]
2018-10-30 10:18:32.921 [localhost-startStop-1] INFO  o.a.c.core.ContainerBase.[Tomcat].[localhost].[/] - Initializing Spring embedded WebApplicationContext
2018-10-30 10:18:32.921 [localhost-startStop-1] INFO  org.springframework.web.context.ContextLoader - Root WebApplicationContext: initialization completed in 7203 ms
2018-10-30 10:18:33.114 [localhost-startStop-1] INFO  org.apache.shiro.cache.ehcache.EhCacheManager - Cache with name 'shiro-kickout-session' does not yet exist.  Creating now.
2018-10-30 10:18:33.115 [localhost-startStop-1] INFO  org.apache.shiro.cache.ehcache.EhCacheManager - Added EhCache named [shiro-kickout-session]
2018-10-30 10:18:33.246 [localhost-startStop-1] INFO  o.s.boot.web.servlet.FilterRegistrationBean - Mapping filter: 'characterEncodingFilter' to: [/*]
2018-10-30 10:18:33.247 [localhost-startStop-1] INFO  o.s.boot.web.servlet.FilterRegistrationBean - Mapping filter: 'hiddenHttpMethodFilter' to: [/*]
2018-10-30 10:18:33.247 [localhost-startStop-1] INFO  o.s.boot.web.servlet.FilterRegistrationBean - Mapping filter: 'httpPutFormContentFilter' to: [/*]
2018-10-30 10:18:33.247 [localhost-startStop-1] INFO  o.s.boot.web.servlet.FilterRegistrationBean - Mapping filter: 'requestContextFilter' to: [/*]
2018-10-30 10:18:33.247 [localhost-startStop-1] INFO  o.s.boot.web.servlet.FilterRegistrationBean - Mapping filter: 'jwtFilter' to urls: [*.auth]
2018-10-30 10:18:33.247 [localhost-startStop-1] INFO  o.s.boot.web.servlet.FilterRegistrationBean - Mapping filter: 'shiroFilter' to: [/*]
2018-10-30 10:18:33.247 [localhost-startStop-1] INFO  o.s.boot.web.servlet.FilterRegistrationBean - Mapping filter: 'kickoutSessionControlFilter' to: [/*]
2018-10-30 10:18:33.247 [localhost-startStop-1] INFO  o.s.boot.web.servlet.ServletRegistrationBean - Servlet dispatcherServlet mapped to [/]
2018-10-30 10:18:34.620 [main] INFO  o.s.web.servlet.handler.SimpleUrlHandlerMapping - Mapped URL path [/**/favicon.ico] onto handler of type [class org.springframework.web.servlet.resource.ResourceHttpRequestHandler]
2018-10-30 10:18:34.968 [main] INFO  o.s.w.s.m.m.a.RequestMappingHandlerAdapter - Looking for @ControllerAdvice: org.springframework.boot.web.servlet.context.AnnotationConfigServletWebServerApplicationContext@a43ce46: startup date [Tue Oct 30 10:18:25 CST 2018]; root of context hierarchy
2018-10-30 10:18:35.070 [main] INFO  o.s.w.s.m.m.a.RequestMappingHandlerMapping - Mapped "{[/article/update]}" onto public com.baomidou.springboot.response.ResponseMessage<java.lang.Boolean> com.baomidou.springboot.content.controller.ArticleController.update(com.baomidou.springboot.content.vo.ArticleVO,java.lang.Long)
2018-10-30 10:18:35.072 [main] INFO  o.s.w.s.m.m.a.RequestMappingHandlerMapping - Mapped "{[/article/getAll],methods=[GET]}" onto public com.baomidou.springboot.response.ResponseMessage<java.util.List<com.baomidou.springboot.content.vo.ArticleVO>> com.baomidou.springboot.content.controller.ArticleController.getAll()
2018-10-30 10:18:35.072 [main] INFO  o.s.w.s.m.m.a.RequestMappingHandlerMapping - Mapped "{[/article/get],methods=[GET]}" onto public com.baomidou.springboot.response.ResponseMessage<com.baomidou.springboot.content.vo.ArticleVO> com.baomidou.springboot.content.controller.ArticleController.getById(java.lang.Long)
2018-10-30 10:18:35.073 [main] INFO  o.s.w.s.m.m.a.RequestMappingHandlerMapping - Mapped "{[/article/getByUser],methods=[GET]}" onto public com.baomidou.springboot.response.ResponseMessage<java.util.List<com.baomidou.springboot.content.vo.ArticleVO>> com.baomidou.springboot.content.controller.ArticleController.getByUser(java.lang.Long)
2018-10-30 10:18:35.073 [main] INFO  o.s.w.s.m.m.a.RequestMappingHandlerMapping - Mapped "{[/article/{id}]}" onto public com.baomidou.springboot.response.ResponseMessage<java.lang.Boolean> com.baomidou.springboot.content.controller.ArticleController.deleteById(java.lang.Long)
2018-10-30 10:18:35.073 [main] INFO  o.s.w.s.m.m.a.RequestMappingHandlerMapping - Mapped "{[/article/add],methods=[POST]}" onto public com.baomidou.springboot.response.ResponseMessage<java.lang.Boolean> com.baomidou.springboot.content.controller.ArticleController.addArticle(com.baomidou.springboot.content.entity.Article,java.lang.String)
2018-10-30 10:18:35.073 [main] INFO  o.s.w.s.m.m.a.RequestMappingHandlerMapping - Mapped "{[/article/page_helper],methods=[GET]}" onto public com.baomidou.mybatisplus.core.metadata.IPage com.baomidou.springboot.content.controller.ArticleController.pagehelper(com.baomidou.mybatisplus.extension.plugins.pagination.Page)
2018-10-30 10:18:35.074 [main] INFO  o.s.w.s.m.m.a.RequestMappingHandlerMapping - Mapped "{[/article/page],methods=[GET]}" onto public com.baomidou.springboot.response.ResponseMessage<com.baomidou.mybatisplus.core.metadata.IPage<com.baomidou.springboot.content.vo.ArticleVO>> com.baomidou.springboot.content.controller.ArticleController.page(java.lang.Integer,java.lang.Integer)
2018-10-30 10:18:35.074 [main] INFO  o.s.w.s.m.m.a.RequestMappingHandlerMapping - Mapped "{[/article/like_title],methods=[GET]}" onto public com.baomidou.springboot.response.ResponseMessage<java.util.List<com.baomidou.springboot.content.vo.ArticleVO>> com.baomidou.springboot.content.controller.ArticleController.getArticleByWrapper(java.lang.String)
2018-10-30 10:18:35.074 [main] INFO  o.s.w.s.m.m.a.RequestMappingHandlerMapping - Mapped "{[/article/test_transactional],methods=[GET]}" onto public void com.baomidou.springboot.content.controller.ArticleController.testTransactional(com.baomidou.springboot.content.vo.ArticleVO)
2018-10-30 10:18:35.075 [main] INFO  o.s.w.s.m.m.a.RequestMappingHandlerMapping - Mapped "{[/comments/page],methods=[GET]}" onto public com.baomidou.springboot.response.ResponseMessage com.baomidou.springboot.content.controller.CommentsController.test(java.lang.Integer,java.lang.Integer)
2018-10-30 10:18:35.076 [main] INFO  o.s.w.s.m.m.a.RequestMappingHandlerMapping - Mapped "{[/comments/getAll],methods=[GET]}" onto public com.baomidou.springboot.response.ResponseMessage<java.util.List<com.baomidou.springboot.content.vo.CommentsVO>> com.baomidou.springboot.content.controller.CommentsController.getAll(java.lang.Long)
2018-10-30 10:18:35.076 [main] INFO  o.s.w.s.m.m.a.RequestMappingHandlerMapping - Mapped "{[/comments/{id}]}" onto public com.baomidou.springboot.response.ResponseMessage<java.lang.Boolean> com.baomidou.springboot.content.controller.CommentsController.deleteById(java.lang.Long)
2018-10-30 10:18:35.076 [main] INFO  o.s.w.s.m.m.a.RequestMappingHandlerMapping - Mapped "{[/comments/add],methods=[POST]}" onto public com.baomidou.springboot.response.ResponseMessage<java.lang.Boolean> com.baomidou.springboot.content.controller.CommentsController.addComments(com.baomidou.springboot.content.entity.Comments)
2018-10-30 10:18:35.077 [main] INFO  o.s.w.s.m.m.a.RequestMappingHandlerMapping - Mapped "{[/focus/getAll],methods=[GET]}" onto public com.baomidou.springboot.response.ResponseMessage<java.util.List<com.baomidou.springboot.auth.entity.User>> com.baomidou.springboot.content.controller.FocusUserController.getAll(java.lang.Long)
2018-10-30 10:18:35.078 [main] INFO  o.s.w.s.m.m.a.RequestMappingHandlerMapping - Mapped "{[/index/register]}" onto public com.baomidou.springboot.response.ResponseMessage com.baomidou.springboot.auth.controller.IndexController.reg(com.baomidou.springboot.auth.vo.UserVO)
2018-10-30 10:18:35.078 [main] INFO  o.s.w.s.m.m.a.RequestMappingHandlerMapping - Mapped "{[/index/login]}" onto public com.baomidou.springboot.response.ResponseMessage com.baomidou.springboot.auth.controller.IndexController.login(java.lang.String,java.lang.String,java.lang.String,java.lang.String)
2018-10-30 10:18:35.079 [main] INFO  o.s.w.s.m.m.a.RequestMappingHandlerMapping - Mapped "{[/index/logout]}" onto public com.baomidou.springboot.response.ResponseMessage com.baomidou.springboot.auth.controller.IndexController.logout()
2018-10-30 10:18:35.079 [main] INFO  o.s.w.s.m.m.a.RequestMappingHandlerMapping - Mapped "{[/love/getALl],methods=[GET]}" onto public com.baomidou.springboot.response.ResponseMessage<java.util.List<com.baomidou.springboot.content.vo.ArticleVO>> com.baomidou.springboot.content.controller.LoveArticleController.getAll(java.lang.Long)
2018-10-30 10:18:35.080 [main] INFO  o.s.w.s.m.m.a.RequestMappingHandlerMapping - Mapped "{[/permission/get],methods=[GET]}" onto public com.baomidou.springboot.response.ResponseMessage<java.util.List<com.baomidou.springboot.auth.entity.Permission>> com.baomidou.springboot.auth.controller.PermissionController.get()
2018-10-30 10:18:35.081 [main] INFO  o.s.w.s.m.m.a.RequestMappingHandlerMapping - Mapped "{[/article_photos/update]}" onto public com.baomidou.springboot.response.ResponseMessage com.baomidou.springboot.content.controller.PhotoArticleController.update(com.baomidou.springboot.content.entity.Photos)
2018-10-30 10:18:35.081 [main] INFO  o.s.w.s.m.m.a.RequestMappingHandlerMapping - Mapped "{[/article_photos/add]}" onto public com.baomidou.springboot.response.ResponseMessage com.baomidou.springboot.content.controller.PhotoArticleController.addPhotoByArticle(java.util.List<java.lang.String>,java.lang.Long)
2018-10-30 10:18:35.082 [main] INFO  o.s.w.s.m.m.a.RequestMappingHandlerMapping - Mapped "{[/role/get],methods=[GET]}" onto public com.baomidou.springboot.response.ResponseMessage<java.util.List<com.baomidou.springboot.auth.entity.Role>> com.baomidou.springboot.auth.controller.RoleController.get()
2018-10-30 10:18:35.083 [main] INFO  o.s.w.s.m.m.a.RequestMappingHandlerMapping - Mapped "{[/role_permission/get],methods=[GET]}" onto public com.baomidou.springboot.response.ResponseMessage<java.util.List<com.baomidou.springboot.auth.entity.RolePermission>> com.baomidou.springboot.auth.controller.RolePermissionController.get(java.lang.Long)
2018-10-30 10:18:35.090 [main] INFO  o.s.w.s.m.m.a.RequestMappingHandlerMapping - Mapped "{[/user/register]}" onto public com.baomidou.springboot.response.ResponseMessage com.baomidou.springboot.auth.controller.UserController.register(com.baomidou.springboot.auth.vo.UserVO)
2018-10-30 10:18:35.091 [main] INFO  o.s.w.s.m.m.a.RequestMappingHandlerMapping - Mapped "{[/user/update]}" onto public com.baomidou.springboot.response.ResponseMessage<java.lang.Boolean> com.baomidou.springboot.auth.controller.UserController.update(com.baomidou.springboot.auth.vo.UserVO)
2018-10-30 10:18:35.091 [main] INFO  o.s.w.s.m.m.a.RequestMappingHandlerMapping - Mapped "{[/user/page],methods=[GET]}" onto public com.baomidou.springboot.response.ResponseMessage com.baomidou.springboot.auth.controller.UserController.test(java.lang.Integer,java.lang.Integer)
2018-10-30 10:18:35.091 [main] INFO  o.s.w.s.m.m.a.RequestMappingHandlerMapping - Mapped "{[/user/checkName]}" onto public com.baomidou.springboot.response.ResponseMessage com.baomidou.springboot.auth.controller.UserController.isName(java.lang.String)
2018-10-30 10:18:35.091 [main] INFO  o.s.w.s.m.m.a.RequestMappingHandlerMapping - Mapped "{[/user/{id}]}" onto public com.baomidou.springboot.response.ResponseMessage<java.lang.Boolean> com.baomidou.springboot.auth.controller.UserController.deleteById(java.lang.String)
2018-10-30 10:18:35.091 [main] INFO  o.s.w.s.m.m.a.RequestMappingHandlerMapping - Mapped "{[/user/login]}" onto public com.baomidou.springboot.response.ResponseMessage com.baomidou.springboot.auth.controller.UserController.login(java.lang.String,java.lang.String)
2018-10-30 10:18:35.092 [main] INFO  o.s.w.s.m.m.a.RequestMappingHandlerMapping - Mapped "{[/user/page_helper],methods=[GET]}" onto public com.baomidou.mybatisplus.core.metadata.IPage com.baomidou.springboot.auth.controller.UserController.pagehelper(com.baomidou.mybatisplus.extension.plugins.pagination.Page)
2018-10-30 10:18:35.092 [main] INFO  o.s.w.s.m.m.a.RequestMappingHandlerMapping - Mapped "{[/user/add],methods=[POST]}" onto public com.baomidou.springboot.response.ResponseMessage<java.lang.Boolean> com.baomidou.springboot.auth.controller.UserController.addUser(com.baomidou.springboot.auth.vo.UserVO)
2018-10-30 10:18:35.092 [main] INFO  o.s.w.s.m.m.a.RequestMappingHandlerMapping - Mapped "{[/user/test_transactional],methods=[GET]}" onto public void com.baomidou.springboot.auth.controller.UserController.testTransactional(com.baomidou.springboot.auth.entity.User)
2018-10-30 10:18:35.093 [main] INFO  o.s.w.s.m.m.a.RequestMappingHandlerMapping - Mapped "{[/user/like_name],methods=[GET]}" onto public com.baomidou.springboot.response.ResponseMessage<java.util.List<com.baomidou.springboot.auth.vo.UserVO>> com.baomidou.springboot.auth.controller.UserController.getUserByWrapper(java.lang.String)
2018-10-30 10:18:35.093 [main] INFO  o.s.w.s.m.m.a.RequestMappingHandlerMapping - Mapped "{[/user/checkEmail]}" onto public com.baomidou.springboot.response.ResponseMessage com.baomidou.springboot.auth.controller.UserController.isEmail(java.lang.String)
2018-10-30 10:18:35.093 [main] INFO  o.s.w.s.m.m.a.RequestMappingHandlerMapping - Mapped "{[/user/select_sql],methods=[GET]}" onto public java.lang.Object com.baomidou.springboot.auth.controller.UserController.getUserBySql()
2018-10-30 10:18:35.093 [main] INFO  o.s.w.s.m.m.a.RequestMappingHandlerMapping - Mapped "{[/user/checkPhone]}" onto public com.baomidou.springboot.response.ResponseMessage com.baomidou.springboot.auth.controller.UserController.isPhone(java.lang.String)
2018-10-30 10:18:35.094 [main] INFO  o.s.w.s.m.m.a.RequestMappingHandlerMapping - Mapped "{[/user_role/getByUserId],methods=[GET]}" onto public com.baomidou.springboot.response.ResponseMessage<java.util.List<com.baomidou.springboot.auth.entity.UserRole>> com.baomidou.springboot.auth.controller.UserRoleController.get(java.lang.Long)
2018-10-30 10:18:35.097 [main] INFO  o.s.w.s.m.m.a.RequestMappingHandlerMapping - Mapped "{[/article_video/update]}" onto public com.baomidou.springboot.response.ResponseMessage com.baomidou.springboot.content.controller.VideoArticleController.update(com.baomidou.springboot.content.entity.Video)
2018-10-30 10:18:35.098 [main] INFO  o.s.w.s.m.m.a.RequestMappingHandlerMapping - Mapped "{[/article_video/add]}" onto public com.baomidou.springboot.response.ResponseMessage com.baomidou.springboot.content.controller.VideoArticleController.addPhotoByArticle(com.baomidou.springboot.content.entity.Video)
2018-10-30 10:18:35.101 [main] INFO  o.s.w.s.m.m.a.RequestMappingHandlerMapping - Mapped "{[/error]}" onto public org.springframework.http.ResponseEntity<java.util.Map<java.lang.String, java.lang.Object>> org.springframework.boot.autoconfigure.web.servlet.error.BasicErrorController.error(javax.servlet.http.HttpServletRequest)
2018-10-30 10:18:35.102 [main] INFO  o.s.w.s.m.m.a.RequestMappingHandlerMapping - Mapped "{[/error],produces=[text/html]}" onto public org.springframework.web.servlet.ModelAndView org.springframework.boot.autoconfigure.web.servlet.error.BasicErrorController.errorHtml(javax.servlet.http.HttpServletRequest,javax.servlet.http.HttpServletResponse)
2018-10-30 10:18:35.146 [main] INFO  o.s.web.servlet.handler.SimpleUrlHandlerMapping - Mapped URL path [/webjars/**] onto handler of type [class org.springframework.web.servlet.resource.ResourceHttpRequestHandler]
2018-10-30 10:18:35.146 [main] INFO  o.s.web.servlet.handler.SimpleUrlHandlerMapping - Mapped URL path [/**] onto handler of type [class org.springframework.web.servlet.resource.ResourceHttpRequestHandler]
2018-10-30 10:18:35.744 [main] INFO  o.s.ui.freemarker.SpringTemplateLoader - SpringTemplateLoader for FreeMarker: using resource loader [org.springframework.boot.web.servlet.context.AnnotationConfigServletWebServerApplicationContext@a43ce46: startup date [Tue Oct 30 10:18:25 CST 2018]; root of context hierarchy] and template loader path [classpath:/templates/]
2018-10-30 10:18:35.745 [main] INFO  o.s.w.servlet.view.freemarker.FreeMarkerConfigurer - ClassTemplateLoader for Spring macros added to FreeMarker configuration
2018-10-30 10:18:35.970 [main] INFO  o.s.jmx.export.annotation.AnnotationMBeanExporter - Registering beans for JMX exposure on startup
2018-10-30 10:18:35.972 [main] INFO  o.s.jmx.export.annotation.AnnotationMBeanExporter - Bean with name 'dataSource' has been autodetected for JMX exposure
2018-10-30 10:18:35.980 [main] INFO  o.s.jmx.export.annotation.AnnotationMBeanExporter - Located MBean 'dataSource': registering with JMX server as MBean [com.zaxxer.hikari:name=dataSource,type=HikariDataSource]
2018-10-30 10:18:35.996 [main] INFO  org.apache.coyote.http11.Http11NioProtocol - Starting ProtocolHandler ["http-nio-8080"]
2018-10-30 10:18:36.007 [main] INFO  org.apache.tomcat.util.net.NioSelectorPool - Using a shared selector for servlet write/read
2018-10-30 10:18:36.040 [main] INFO  o.s.boot.web.embedded.tomcat.TomcatWebServer - Tomcat started on port(s): 8080 (http) with context path ''
2018-10-30 10:18:36.045 [main] INFO  com.baomidou.springboot.Application - Started Application in 11.995 seconds (JVM running for 13.674)
2018-10-30 10:18:36.049 [main] INFO  com.baomidou.springboot.Application - PortalApplication is success!
