2018-09-27 11:03:46.562 [http-nio-8080-exec-1] INFO  o.a.c.core.ContainerBase.[Tomcat].[localhost].[/] - Initializing Spring FrameworkServlet 'dispatcherServlet'
2018-09-27 11:03:46.563 [http-nio-8080-exec-1] INFO  org.springframework.web.servlet.DispatcherServlet - FrameworkServlet 'dispatcherServlet': initialization started
2018-09-27 11:03:46.585 [http-nio-8080-exec-1] INFO  org.springframework.web.servlet.DispatcherServlet - FrameworkServlet 'dispatcherServlet': initialization completed in 22 ms
2018-09-27 11:24:06.864 [main] INFO  com.baomidou.springboot.Application - Starting Application on DESKTOP-MGQRI9S with PID 10936 (E:\person-project\mybatisplus-spring-boot\target\classes started by kedacom in E:\person-project\mybatisplus-spring-boot)
2018-09-27 11:24:06.870 [main] INFO  com.baomidou.springboot.Application - No active profile set, falling back to default profiles: default
2018-09-27 11:24:06.976 [main] INFO  o.s.b.w.s.c.AnnotationConfigServletWebServerApplicationContext - Refreshing org.springframework.boot.web.servlet.context.AnnotationConfigServletWebServerApplicationContext@4bff64c2: startup date [Thu Sep 27 11:24:06 CST 2018]; root of context hierarchy
2018-09-27 11:24:08.099 [main] INFO  o.s.b.factory.support.DefaultListableBeanFactory - Overriding bean definition for bean 'websocketContainerCustomizer' with a different definition: replacing [Root bean: class [null]; scope=; abstract=false; lazyInit=false; autowireMode=3; dependencyCheck=0; autowireCandidate=true; primary=false; factoryBeanName=org.springframework.boot.autoconfigure.websocket.servlet.WebSocketServletAutoConfiguration$JettyWebSocketConfiguration; factoryMethodName=websocketContainerCustomizer; initMethodName=null; destroyMethodName=(inferred); defined in class path resource [org/springframework/boot/autoconfigure/websocket/servlet/WebSocketServletAutoConfiguration$JettyWebSocketConfiguration.class]] with [Root bean: class [null]; scope=; abstract=false; lazyInit=false; autowireMode=3; dependencyCheck=0; autowireCandidate=true; primary=false; factoryBeanName=org.springframework.boot.autoconfigure.websocket.servlet.WebSocketServletAutoConfiguration$TomcatWebSocketConfiguration; factoryMethodName=websocketContainerCustomizer; initMethodName=null; destroyMethodName=(inferred); defined in class path resource [org/springframework/boot/autoconfigure/websocket/servlet/WebSocketServletAutoConfiguration$TomcatWebSocketConfiguration.class]]
2018-09-27 11:24:08.192 [main] INFO  o.s.b.factory.support.DefaultListableBeanFactory - Overriding bean definition for bean 'dataSource' with a different definition: replacing [Root bean: class [null]; scope=; abstract=false; lazyInit=false; autowireMode=3; dependencyCheck=0; autowireCandidate=true; primary=false; factoryBeanName=org.springframework.boot.autoconfigure.jdbc.DataSourceConfiguration$Generic; factoryMethodName=dataSource; initMethodName=null; destroyMethodName=(inferred); defined in class path resource [org/springframework/boot/autoconfigure/jdbc/DataSourceConfiguration$Generic.class]] with [Root bean: class [null]; scope=; abstract=false; lazyInit=false; autowireMode=3; dependencyCheck=0; autowireCandidate=true; primary=false; factoryBeanName=org.springframework.boot.autoconfigure.jdbc.DataSourceConfiguration$Hikari; factoryMethodName=dataSource; initMethodName=null; destroyMethodName=(inferred); defined in class path resource [org/springframework/boot/autoconfigure/jdbc/DataSourceConfiguration$Hikari.class]]
2018-09-27 11:24:08.268 [main] WARN  org.mybatis.spring.mapper.ClassPathMapperScanner - No MyBatis mapper was found in '[com.baomidou.springboot]' package. Please check your configuration.
2018-09-27 11:24:08.333 [main] INFO  o.s.d.r.config.RepositoryConfigurationDelegate - Multiple Spring Data modules found, entering strict repository configuration mode!
2018-09-27 11:24:08.548 [main] WARN  o.s.c.annotation.ConfigurationClassPostProcessor - Cannot enhance @Configuration bean definition 'commonsConfig' since its singleton instance has been created too early. The typical cause is a non-static @Bean method with a BeanDefinitionRegistryPostProcessor return type: Consider declaring such methods as 'static'.
2018-09-27 11:24:08.785 [main] INFO  o.s.c.s.PostProcessorRegistrationDelegate$BeanPostProcessorChecker - Bean 'shiroConfig' of type [com.baomidou.springboot.config.shiro.ShiroConfig$$EnhancerBySpringCGLIB$$7306662d] is not eligible for getting processed by all BeanPostProcessors (for example: not eligible for auto-proxying)
2018-09-27 11:24:08.958 [main] INFO  o.s.c.s.PostProcessorRegistrationDelegate$BeanPostProcessorChecker - Bean 'ehCacheManager' of type [org.apache.shiro.cache.ehcache.EhCacheManager] is not eligible for getting processed by all BeanPostProcessors (for example: not eligible for auto-proxying)
2018-09-27 11:24:08.959 [main] INFO  org.apache.shiro.cache.ehcache.EhCacheManager - Cache with name 'passwordRetryCache' does not yet exist.  Creating now.
2018-09-27 11:24:09.014 [main] INFO  org.apache.shiro.cache.ehcache.EhCacheManager - Added EhCache named [passwordRetryCache]
2018-09-27 11:24:09.025 [main] INFO  o.s.c.s.PostProcessorRegistrationDelegate$BeanPostProcessorChecker - Bean 'hashedCredentialsMatcher' of type [com.baomidou.springboot.config.shiro.RetryLimitHashedCredentialsMatcher] is not eligible for getting processed by all BeanPostProcessors (for example: not eligible for auto-proxying)
2018-09-27 11:24:09.094 [main] INFO  o.s.c.s.PostProcessorRegistrationDelegate$BeanPostProcessorChecker - Bean 'org.springframework.boot.context.properties.ConversionServiceDeducer$Factory' of type [org.springframework.boot.context.properties.ConversionServiceDeducer$Factory] is not eligible for getting processed by all BeanPostProcessors (for example: not eligible for auto-proxying)
2018-09-27 11:24:09.135 [main] INFO  o.s.c.s.PostProcessorRegistrationDelegate$BeanPostProcessorChecker - Bean 'mybatis-plus-com.baomidou.mybatisplus.autoconfigure.MybatisPlusProperties' of type [com.baomidou.mybatisplus.autoconfigure.MybatisPlusProperties] is not eligible for getting processed by all BeanPostProcessors (for example: not eligible for auto-proxying)
2018-09-27 11:24:09.161 [main] INFO  o.s.c.s.PostProcessorRegistrationDelegate$BeanPostProcessorChecker - Bean 'paginationInterceptor' of type [com.baomidou.mybatisplus.extension.plugins.PaginationInterceptor] is not eligible for getting processed by all BeanPostProcessors (for example: not eligible for auto-proxying)
2018-09-27 11:24:09.172 [main] INFO  o.s.c.s.PostProcessorRegistrationDelegate$BeanPostProcessorChecker - Bean 'com.baomidou.mybatisplus.autoconfigure.MybatisPlusAutoConfiguration' of type [com.baomidou.mybatisplus.autoconfigure.MybatisPlusAutoConfiguration$$EnhancerBySpringCGLIB$$6586c04c] is not eligible for getting processed by all BeanPostProcessors (for example: not eligible for auto-proxying)
2018-09-27 11:24:09.177 [main] INFO  o.s.c.s.PostProcessorRegistrationDelegate$BeanPostProcessorChecker - Bean 'org.springframework.boot.autoconfigure.jdbc.DataSourceConfiguration$Hikari' of type [org.springframework.boot.autoconfigure.jdbc.DataSourceConfiguration$Hikari] is not eligible for getting processed by all BeanPostProcessors (for example: not eligible for auto-proxying)
2018-09-27 11:24:09.189 [main] INFO  o.s.c.s.PostProcessorRegistrationDelegate$BeanPostProcessorChecker - Bean 'spring.datasource-org.springframework.boot.autoconfigure.jdbc.DataSourceProperties' of type [org.springframework.boot.autoconfigure.jdbc.DataSourceProperties] is not eligible for getting processed by all BeanPostProcessors (for example: not eligible for auto-proxying)
2018-09-27 11:24:09.216 [main] INFO  o.s.c.s.PostProcessorRegistrationDelegate$BeanPostProcessorChecker - Bean 'dataSource' of type [com.zaxxer.hikari.HikariDataSource] is not eligible for getting processed by all BeanPostProcessors (for example: not eligible for auto-proxying)
2018-09-27 11:24:09.346 [main] INFO  o.s.c.s.PostProcessorRegistrationDelegate$BeanPostProcessorChecker - Bean 'metaObjectHandlerConfig' of type [com.baomidou.springboot.config.MetaObjectHandlerConfig] is not eligible for getting processed by all BeanPostProcessors (for example: not eligible for auto-proxying)
2018-09-27 11:24:09.370 [main] INFO  com.zaxxer.hikari.HikariDataSource - HikariPool-1 - Starting...
2018-09-27 11:24:09.551 [main] INFO  com.zaxxer.hikari.HikariDataSource - HikariPool-1 - Start completed.
2018-09-27 11:24:09.972 [main] INFO  o.s.c.s.PostProcessorRegistrationDelegate$BeanPostProcessorChecker - Bean 'sqlSessionFactory' of type [org.apache.ibatis.session.defaults.DefaultSqlSessionFactory] is not eligible for getting processed by all BeanPostProcessors (for example: not eligible for auto-proxying)
2018-09-27 11:24:09.983 [main] INFO  o.s.c.s.PostProcessorRegistrationDelegate$BeanPostProcessorChecker - Bean 'sqlSessionTemplate' of type [org.mybatis.spring.SqlSessionTemplate] is not eligible for getting processed by all BeanPostProcessors (for example: not eligible for auto-proxying)
2018-09-27 11:24:10.008 [main] INFO  o.s.c.s.PostProcessorRegistrationDelegate$BeanPostProcessorChecker - Bean 'userMapper' of type [org.mybatis.spring.mapper.MapperFactoryBean] is not eligible for getting processed by all BeanPostProcessors (for example: not eligible for auto-proxying)
2018-09-27 11:24:10.010 [main] INFO  o.s.c.s.PostProcessorRegistrationDelegate$BeanPostProcessorChecker - Bean 'userMapper' of type [com.sun.proxy.$Proxy72] is not eligible for getting processed by all BeanPostProcessors (for example: not eligible for auto-proxying)
2018-09-27 11:24:10.011 [main] INFO  o.s.c.s.PostProcessorRegistrationDelegate$BeanPostProcessorChecker - Bean 'userServiceImpl' of type [com.baomidou.springboot.service.impl.UserServiceImpl] is not eligible for getting processed by all BeanPostProcessors (for example: not eligible for auto-proxying)
2018-09-27 11:24:10.046 [main] INFO  o.s.c.s.PostProcessorRegistrationDelegate$BeanPostProcessorChecker - Bean 'permissionMapper' of type [org.mybatis.spring.mapper.MapperFactoryBean] is not eligible for getting processed by all BeanPostProcessors (for example: not eligible for auto-proxying)
2018-09-27 11:24:10.047 [main] INFO  o.s.c.s.PostProcessorRegistrationDelegate$BeanPostProcessorChecker - Bean 'permissionMapper' of type [com.sun.proxy.$Proxy74] is not eligible for getting processed by all BeanPostProcessors (for example: not eligible for auto-proxying)
2018-09-27 11:24:10.047 [main] INFO  o.s.c.s.PostProcessorRegistrationDelegate$BeanPostProcessorChecker - Bean 'permissionServiceImpl' of type [com.baomidou.springboot.service.impl.PermissionServiceImpl] is not eligible for getting processed by all BeanPostProcessors (for example: not eligible for auto-proxying)
2018-09-27 11:24:10.054 [main] INFO  o.s.c.s.PostProcessorRegistrationDelegate$BeanPostProcessorChecker - Bean 'userRoleMapper' of type [org.mybatis.spring.mapper.MapperFactoryBean] is not eligible for getting processed by all BeanPostProcessors (for example: not eligible for auto-proxying)
2018-09-27 11:24:10.055 [main] INFO  o.s.c.s.PostProcessorRegistrationDelegate$BeanPostProcessorChecker - Bean 'userRoleMapper' of type [com.sun.proxy.$Proxy75] is not eligible for getting processed by all BeanPostProcessors (for example: not eligible for auto-proxying)
2018-09-27 11:24:10.056 [main] INFO  o.s.c.s.PostProcessorRegistrationDelegate$BeanPostProcessorChecker - Bean 'userRoleServiceImpl' of type [com.baomidou.springboot.service.impl.UserRoleServiceImpl] is not eligible for getting processed by all BeanPostProcessors (for example: not eligible for auto-proxying)
2018-09-27 11:24:10.064 [main] INFO  o.s.c.s.PostProcessorRegistrationDelegate$BeanPostProcessorChecker - Bean 'roleMapper' of type [org.mybatis.spring.mapper.MapperFactoryBean] is not eligible for getting processed by all BeanPostProcessors (for example: not eligible for auto-proxying)
2018-09-27 11:24:10.065 [main] INFO  o.s.c.s.PostProcessorRegistrationDelegate$BeanPostProcessorChecker - Bean 'roleMapper' of type [com.sun.proxy.$Proxy76] is not eligible for getting processed by all BeanPostProcessors (for example: not eligible for auto-proxying)
2018-09-27 11:24:10.065 [main] INFO  o.s.c.s.PostProcessorRegistrationDelegate$BeanPostProcessorChecker - Bean 'roleServiceImpl' of type [com.baomidou.springboot.service.impl.RoleServiceImpl] is not eligible for getting processed by all BeanPostProcessors (for example: not eligible for auto-proxying)
2018-09-27 11:24:10.066 [main] INFO  org.apache.shiro.realm.AuthorizingRealm - No cache or cacheManager properties have been set.  Authorization cache cannot be obtained.
2018-09-27 11:24:10.066 [main] INFO  o.s.c.s.PostProcessorRegistrationDelegate$BeanPostProcessorChecker - Bean 'shiroRealm' of type [com.baomidou.springboot.config.shiro.ShiroRealm] is not eligible for getting processed by all BeanPostProcessors (for example: not eligible for auto-proxying)
2018-09-27 11:24:10.067 [main] INFO  org.apache.shiro.cache.ehcache.EhCacheManager - Cache with name 'com.baomidou.springboot.config.shiro.ShiroRealm.authorizationCache' does not yet exist.  Creating now.
2018-09-27 11:24:10.067 [main] INFO  org.apache.shiro.cache.ehcache.EhCacheManager - Added EhCache named [com.baomidou.springboot.config.shiro.ShiroRealm.authorizationCache]
2018-09-27 11:24:10.072 [main] INFO  o.s.c.s.PostProcessorRegistrationDelegate$BeanPostProcessorChecker - Bean 'rememberMeCookie' of type [org.apache.shiro.web.servlet.SimpleCookie] is not eligible for getting processed by all BeanPostProcessors (for example: not eligible for auto-proxying)
2018-09-27 11:24:10.077 [main] INFO  o.s.c.s.PostProcessorRegistrationDelegate$BeanPostProcessorChecker - Bean 'rememberMeManager' of type [org.apache.shiro.web.mgt.CookieRememberMeManager] is not eligible for getting processed by all BeanPostProcessors (for example: not eligible for auto-proxying)
2018-09-27 11:24:10.088 [main] INFO  o.s.c.s.PostProcessorRegistrationDelegate$BeanPostProcessorChecker - Bean 'securityManager' of type [org.apache.shiro.web.mgt.DefaultWebSecurityManager] is not eligible for getting processed by all BeanPostProcessors (for example: not eligible for auto-proxying)
2018-09-27 11:24:10.135 [main] INFO  o.s.c.s.PostProcessorRegistrationDelegate$BeanPostProcessorChecker - Bean 'org.springframework.transaction.annotation.ProxyTransactionManagementConfiguration' of type [org.springframework.transaction.annotation.ProxyTransactionManagementConfiguration$$EnhancerBySpringCGLIB$$27be53b2] is not eligible for getting processed by all BeanPostProcessors (for example: not eligible for auto-proxying)
2018-09-27 11:24:10.154 [main] INFO  o.s.c.s.PostProcessorRegistrationDelegate$BeanPostProcessorChecker - Bean 'authorizationAttributeSourceAdvisor' of type [org.apache.shiro.spring.security.interceptor.AuthorizationAttributeSourceAdvisor] is not eligible for getting processed by all BeanPostProcessors (for example: not eligible for auto-proxying)
2018-09-27 11:24:10.576 [main] INFO  o.s.boot.web.embedded.tomcat.TomcatWebServer - Tomcat initialized with port(s): 8080 (http)
2018-09-27 11:24:10.591 [main] INFO  org.apache.coyote.http11.Http11NioProtocol - Initializing ProtocolHandler ["http-nio-8080"]
2018-09-27 11:24:10.603 [main] INFO  org.apache.catalina.core.StandardService - Starting service [Tomcat]
2018-09-27 11:24:10.603 [main] INFO  org.apache.catalina.core.StandardEngine - Starting Servlet Engine: Apache Tomcat/8.5.31
2018-09-27 11:24:10.609 [localhost-startStop-1] INFO  org.apache.catalina.core.AprLifecycleListener - The APR based Apache Tomcat Native library which allows optimal performance in production environments was not found on the java.library.path: [D:\jdk_jre\jdk\bin;C:\Windows\Sun\Java\bin;C:\Windows\system32;C:\Windows;C:\ProgramData\Oracle\Java\javapath;C:\Windows\system32;C:\Windows;C:\Windows\System32\Wbem;C:\Windows\System32\WindowsPowerShell\v1.0\;D:\jdk_jre\jdk\bin;D:\Git\cmd;D:\apache-maven-3.5.4-bin\apache-maven-3.5.4\bin;D:\nodejs\;C:\Users\kedacom\AppData\Local\Microsoft\WindowsApps;;.]
2018-09-27 11:24:10.756 [localhost-startStop-1] INFO  o.a.c.core.ContainerBase.[Tomcat].[localhost].[/] - Initializing Spring embedded WebApplicationContext
2018-09-27 11:24:10.756 [localhost-startStop-1] INFO  org.springframework.web.context.ContextLoader - Root WebApplicationContext: initialization completed in 3781 ms
2018-09-27 11:24:10.952 [localhost-startStop-1] INFO  org.apache.shiro.cache.ehcache.EhCacheManager - Cache with name 'shiro-kickout-session' does not yet exist.  Creating now.
2018-09-27 11:24:10.953 [localhost-startStop-1] INFO  org.apache.shiro.cache.ehcache.EhCacheManager - Added EhCache named [shiro-kickout-session]
2018-09-27 11:24:11.074 [localhost-startStop-1] INFO  o.s.boot.web.servlet.FilterRegistrationBean - Mapping filter: 'characterEncodingFilter' to: [/*]
2018-09-27 11:24:11.075 [localhost-startStop-1] INFO  o.s.boot.web.servlet.FilterRegistrationBean - Mapping filter: 'hiddenHttpMethodFilter' to: [/*]
2018-09-27 11:24:11.075 [localhost-startStop-1] INFO  o.s.boot.web.servlet.FilterRegistrationBean - Mapping filter: 'httpPutFormContentFilter' to: [/*]
2018-09-27 11:24:11.075 [localhost-startStop-1] INFO  o.s.boot.web.servlet.FilterRegistrationBean - Mapping filter: 'requestContextFilter' to: [/*]
2018-09-27 11:24:11.075 [localhost-startStop-1] INFO  o.s.boot.web.servlet.FilterRegistrationBean - Mapping filter: 'jwtFilter' to urls: [*.auth]
2018-09-27 11:24:11.076 [localhost-startStop-1] INFO  o.s.boot.web.servlet.FilterRegistrationBean - Mapping filter: 'shiroFilter' to: [/*]
2018-09-27 11:24:11.076 [localhost-startStop-1] INFO  o.s.boot.web.servlet.FilterRegistrationBean - Mapping filter: 'kickoutSessionControlFilter' to: [/*]
2018-09-27 11:24:11.076 [localhost-startStop-1] INFO  o.s.boot.web.servlet.ServletRegistrationBean - Servlet dispatcherServlet mapped to [/]
2018-09-27 11:24:11.939 [main] INFO  o.s.web.servlet.handler.SimpleUrlHandlerMapping - Mapped URL path [/**/favicon.ico] onto handler of type [class org.springframework.web.servlet.resource.ResourceHttpRequestHandler]
2018-09-27 11:24:12.255 [main] INFO  o.s.w.s.m.m.a.RequestMappingHandlerAdapter - Looking for @ControllerAdvice: org.springframework.boot.web.servlet.context.AnnotationConfigServletWebServerApplicationContext@4bff64c2: startup date [Thu Sep 27 11:24:06 CST 2018]; root of context hierarchy
2018-09-27 11:24:12.326 [main] INFO  o.s.w.s.m.m.a.RequestMappingHandlerMapping - Mapped "{[/article/update]}" onto public com.baomidou.springboot.response.ResponseMessage<java.lang.Boolean> com.baomidou.springboot.controller.ArticleController.update(com.baomidou.springboot.vo.ArticleVO,java.lang.Long)
2018-09-27 11:24:12.327 [main] INFO  o.s.w.s.m.m.a.RequestMappingHandlerMapping - Mapped "{[/article/getAll],methods=[GET]}" onto public com.baomidou.springboot.response.ResponseMessage<java.util.List<com.baomidou.springboot.vo.ArticleVO>> com.baomidou.springboot.controller.ArticleController.getAll()
2018-09-27 11:24:12.328 [main] INFO  o.s.w.s.m.m.a.RequestMappingHandlerMapping - Mapped "{[/article/page],methods=[GET]}" onto public com.baomidou.springboot.response.ResponseMessage<com.baomidou.mybatisplus.core.metadata.IPage<com.baomidou.springboot.vo.ArticleVO>> com.baomidou.springboot.controller.ArticleController.page(java.lang.Integer,java.lang.Integer)
2018-09-27 11:24:12.328 [main] INFO  o.s.w.s.m.m.a.RequestMappingHandlerMapping - Mapped "{[/article/test_transactional],methods=[GET]}" onto public void com.baomidou.springboot.controller.ArticleController.testTransactional(com.baomidou.springboot.vo.ArticleVO)
2018-09-27 11:24:12.328 [main] INFO  o.s.w.s.m.m.a.RequestMappingHandlerMapping - Mapped "{[/article/like_title],methods=[GET]}" onto public com.baomidou.springboot.response.ResponseMessage<java.util.List<com.baomidou.springboot.vo.ArticleVO>> com.baomidou.springboot.controller.ArticleController.getArticleByWrapper(java.lang.String)
2018-09-27 11:24:12.328 [main] INFO  o.s.w.s.m.m.a.RequestMappingHandlerMapping - Mapped "{[/article/add],methods=[POST]}" onto public com.baomidou.springboot.response.ResponseMessage<java.lang.Boolean> com.baomidou.springboot.controller.ArticleController.addArticle(com.baomidou.springboot.domain.Article,java.lang.String)
2018-09-27 11:24:12.329 [main] INFO  o.s.w.s.m.m.a.RequestMappingHandlerMapping - Mapped "{[/article/{id}]}" onto public com.baomidou.springboot.response.ResponseMessage<java.lang.Boolean> com.baomidou.springboot.controller.ArticleController.deleteById(java.lang.Long)
2018-09-27 11:24:12.329 [main] INFO  o.s.w.s.m.m.a.RequestMappingHandlerMapping - Mapped "{[/article/get],methods=[GET]}" onto public com.baomidou.springboot.response.ResponseMessage<com.baomidou.springboot.vo.ArticleVO> com.baomidou.springboot.controller.ArticleController.getById(java.lang.Long)
2018-09-27 11:24:12.329 [main] INFO  o.s.w.s.m.m.a.RequestMappingHandlerMapping - Mapped "{[/article/page_helper],methods=[GET]}" onto public com.baomidou.mybatisplus.core.metadata.IPage com.baomidou.springboot.controller.ArticleController.pagehelper(com.baomidou.mybatisplus.extension.plugins.pagination.Page)
2018-09-27 11:24:12.329 [main] INFO  o.s.w.s.m.m.a.RequestMappingHandlerMapping - Mapped "{[/article/getByUser],methods=[GET]}" onto public com.baomidou.springboot.response.ResponseMessage<java.util.List<com.baomidou.springboot.vo.ArticleVO>> com.baomidou.springboot.controller.ArticleController.getByUser(java.lang.Long)
2018-09-27 11:24:12.330 [main] INFO  o.s.w.s.m.m.a.RequestMappingHandlerMapping - Mapped "{[/comments/page],methods=[GET]}" onto public com.baomidou.springboot.response.ResponseMessage com.baomidou.springboot.controller.CommentsController.test(java.lang.Integer,java.lang.Integer)
2018-09-27 11:24:12.331 [main] INFO  o.s.w.s.m.m.a.RequestMappingHandlerMapping - Mapped "{[/comments/getAll],methods=[GET]}" onto public com.baomidou.springboot.response.ResponseMessage<java.util.List<com.baomidou.springboot.vo.CommentsVO>> com.baomidou.springboot.controller.CommentsController.getAll(java.lang.Long)
2018-09-27 11:24:12.331 [main] INFO  o.s.w.s.m.m.a.RequestMappingHandlerMapping - Mapped "{[/comments/{id}]}" onto public com.baomidou.springboot.response.ResponseMessage<java.lang.Boolean> com.baomidou.springboot.controller.CommentsController.deleteById(java.lang.Long)
2018-09-27 11:24:12.331 [main] INFO  o.s.w.s.m.m.a.RequestMappingHandlerMapping - Mapped "{[/comments/add],methods=[POST]}" onto public com.baomidou.springboot.response.ResponseMessage<java.lang.Boolean> com.baomidou.springboot.controller.CommentsController.addComments(com.baomidou.springboot.domain.Comments)
2018-09-27 11:24:12.332 [main] INFO  o.s.w.s.m.m.a.RequestMappingHandlerMapping - Mapped "{[/focus/getAll],methods=[GET]}" onto public com.baomidou.springboot.response.ResponseMessage<java.util.List<com.baomidou.springboot.domain.User>> com.baomidou.springboot.controller.FocusUserController.getAll(java.lang.Long)
2018-09-27 11:24:12.333 [main] INFO  o.s.w.s.m.m.a.RequestMappingHandlerMapping - Mapped "{[/index/register]}" onto public com.baomidou.springboot.response.ResponseMessage com.baomidou.springboot.controller.IndexController.reg(com.baomidou.springboot.vo.UserVO)
2018-09-27 11:24:12.334 [main] INFO  o.s.w.s.m.m.a.RequestMappingHandlerMapping - Mapped "{[/index/login]}" onto public com.baomidou.springboot.response.ResponseMessage com.baomidou.springboot.controller.IndexController.login(java.lang.String,java.lang.String,java.lang.String,java.lang.String)
2018-09-27 11:24:12.334 [main] INFO  o.s.w.s.m.m.a.RequestMappingHandlerMapping - Mapped "{[/index/logout]}" onto public com.baomidou.springboot.response.ResponseMessage com.baomidou.springboot.controller.IndexController.logout()
2018-09-27 11:24:12.335 [main] INFO  o.s.w.s.m.m.a.RequestMappingHandlerMapping - Mapped "{[/love/getALl],methods=[GET]}" onto public com.baomidou.springboot.response.ResponseMessage<java.util.List<com.baomidou.springboot.vo.ArticleVO>> com.baomidou.springboot.controller.LoveArticleController.getAll(java.lang.Long)
2018-09-27 11:24:12.335 [main] INFO  o.s.w.s.m.m.a.RequestMappingHandlerMapping - Mapped "{[/permission/get],methods=[GET]}" onto public com.baomidou.springboot.response.ResponseMessage<java.util.List<com.baomidou.springboot.domain.po.Permission>> com.baomidou.springboot.controller.PermissionController.get()
2018-09-27 11:24:12.336 [main] INFO  o.s.w.s.m.m.a.RequestMappingHandlerMapping - Mapped "{[/article_photos/update]}" onto public com.baomidou.springboot.response.ResponseMessage com.baomidou.springboot.controller.PhotoArticleController.update(com.baomidou.springboot.domain.Photos)
2018-09-27 11:24:12.337 [main] INFO  o.s.w.s.m.m.a.RequestMappingHandlerMapping - Mapped "{[/article_photos/add]}" onto public com.baomidou.springboot.response.ResponseMessage com.baomidou.springboot.controller.PhotoArticleController.addPhotoByArticle(java.util.List<java.lang.String>,java.lang.Long)
2018-09-27 11:24:12.338 [main] INFO  o.s.w.s.m.m.a.RequestMappingHandlerMapping - Mapped "{[/role/get],methods=[GET]}" onto public com.baomidou.springboot.response.ResponseMessage<java.util.List<com.baomidou.springboot.domain.po.Role>> com.baomidou.springboot.controller.RoleController.get()
2018-09-27 11:24:12.338 [main] INFO  o.s.w.s.m.m.a.RequestMappingHandlerMapping - Mapped "{[/role_permission/get],methods=[GET]}" onto public com.baomidou.springboot.response.ResponseMessage<java.util.List<com.baomidou.springboot.domain.po.RolePermission>> com.baomidou.springboot.controller.RolePermissionController.get(java.lang.Long)
2018-09-27 11:24:12.343 [main] INFO  o.s.w.s.m.m.a.RequestMappingHandlerMapping - Mapped "{[/user/register]}" onto public com.baomidou.springboot.response.ResponseMessage com.baomidou.springboot.controller.UserController.register(com.baomidou.springboot.vo.UserVO)
2018-09-27 11:24:12.344 [main] INFO  o.s.w.s.m.m.a.RequestMappingHandlerMapping - Mapped "{[/user/update]}" onto public com.baomidou.springboot.response.ResponseMessage<java.lang.Boolean> com.baomidou.springboot.controller.UserController.update(com.baomidou.springboot.vo.UserVO)
2018-09-27 11:24:12.344 [main] INFO  o.s.w.s.m.m.a.RequestMappingHandlerMapping - Mapped "{[/user/page],methods=[GET]}" onto public com.baomidou.springboot.response.ResponseMessage com.baomidou.springboot.controller.UserController.test(java.lang.Integer,java.lang.Integer)
2018-09-27 11:24:12.344 [main] INFO  o.s.w.s.m.m.a.RequestMappingHandlerMapping - Mapped "{[/user/checkName]}" onto public com.baomidou.springboot.response.ResponseMessage com.baomidou.springboot.controller.UserController.isName(java.lang.String)
2018-09-27 11:24:12.344 [main] INFO  o.s.w.s.m.m.a.RequestMappingHandlerMapping - Mapped "{[/user/add],methods=[POST]}" onto public com.baomidou.springboot.response.ResponseMessage<java.lang.Boolean> com.baomidou.springboot.controller.UserController.addUser(com.baomidou.springboot.vo.UserVO)
2018-09-27 11:24:12.345 [main] INFO  o.s.w.s.m.m.a.RequestMappingHandlerMapping - Mapped "{[/user/test_transactional],methods=[GET]}" onto public void com.baomidou.springboot.controller.UserController.testTransactional(com.baomidou.springboot.domain.User)
2018-09-27 11:24:12.345 [main] INFO  o.s.w.s.m.m.a.RequestMappingHandlerMapping - Mapped "{[/user/{id}]}" onto public com.baomidou.springboot.response.ResponseMessage<java.lang.Boolean> com.baomidou.springboot.controller.UserController.deleteById(java.lang.String)
2018-09-27 11:24:12.345 [main] INFO  o.s.w.s.m.m.a.RequestMappingHandlerMapping - Mapped "{[/user/page_helper],methods=[GET]}" onto public com.baomidou.mybatisplus.core.metadata.IPage com.baomidou.springboot.controller.UserController.pagehelper(com.baomidou.mybatisplus.extension.plugins.pagination.Page)
2018-09-27 11:24:12.346 [main] INFO  o.s.w.s.m.m.a.RequestMappingHandlerMapping - Mapped "{[/user/login]}" onto public com.baomidou.springboot.response.ResponseMessage com.baomidou.springboot.controller.UserController.login(java.lang.String,java.lang.String)
2018-09-27 11:24:12.346 [main] INFO  o.s.w.s.m.m.a.RequestMappingHandlerMapping - Mapped "{[/user/checkEmail]}" onto public com.baomidou.springboot.response.ResponseMessage com.baomidou.springboot.controller.UserController.isEmail(java.lang.String)
2018-09-27 11:24:12.346 [main] INFO  o.s.w.s.m.m.a.RequestMappingHandlerMapping - Mapped "{[/user/select_sql],methods=[GET]}" onto public java.lang.Object com.baomidou.springboot.controller.UserController.getUserBySql()
2018-09-27 11:24:12.346 [main] INFO  o.s.w.s.m.m.a.RequestMappingHandlerMapping - Mapped "{[/user/like_name],methods=[GET]}" onto public com.baomidou.springboot.response.ResponseMessage<java.util.List<com.baomidou.springboot.vo.UserVO>> com.baomidou.springboot.controller.UserController.getUserByWrapper(java.lang.String)
2018-09-27 11:24:12.346 [main] INFO  o.s.w.s.m.m.a.RequestMappingHandlerMapping - Mapped "{[/user/checkPhone]}" onto public com.baomidou.springboot.response.ResponseMessage com.baomidou.springboot.controller.UserController.isPhone(java.lang.String)
2018-09-27 11:24:12.347 [main] INFO  o.s.w.s.m.m.a.RequestMappingHandlerMapping - Mapped "{[/user_role/getByUserId],methods=[GET]}" onto public com.baomidou.springboot.response.ResponseMessage<java.util.List<com.baomidou.springboot.domain.po.UserRole>> com.baomidou.springboot.controller.UserRoleController.get(java.lang.Long)
2018-09-27 11:24:12.349 [main] INFO  o.s.w.s.m.m.a.RequestMappingHandlerMapping - Mapped "{[/article_video/update]}" onto public com.baomidou.springboot.response.ResponseMessage com.baomidou.springboot.controller.VideoArticleController.update(com.baomidou.springboot.domain.Video)
2018-09-27 11:24:12.350 [main] INFO  o.s.w.s.m.m.a.RequestMappingHandlerMapping - Mapped "{[/article_video/add]}" onto public com.baomidou.springboot.response.ResponseMessage com.baomidou.springboot.controller.VideoArticleController.addPhotoByArticle(com.baomidou.springboot.domain.Video)
2018-09-27 11:24:12.352 [main] INFO  o.s.w.s.m.m.a.RequestMappingHandlerMapping - Mapped "{[/error]}" onto public org.springframework.http.ResponseEntity<java.util.Map<java.lang.String, java.lang.Object>> org.springframework.boot.autoconfigure.web.servlet.error.BasicErrorController.error(javax.servlet.http.HttpServletRequest)
2018-09-27 11:24:12.352 [main] INFO  o.s.w.s.m.m.a.RequestMappingHandlerMapping - Mapped "{[/error],produces=[text/html]}" onto public org.springframework.web.servlet.ModelAndView org.springframework.boot.autoconfigure.web.servlet.error.BasicErrorController.errorHtml(javax.servlet.http.HttpServletRequest,javax.servlet.http.HttpServletResponse)
2018-09-27 11:24:12.405 [main] INFO  o.s.web.servlet.handler.SimpleUrlHandlerMapping - Mapped URL path [/webjars/**] onto handler of type [class org.springframework.web.servlet.resource.ResourceHttpRequestHandler]
2018-09-27 11:24:12.406 [main] INFO  o.s.web.servlet.handler.SimpleUrlHandlerMapping - Mapped URL path [/**] onto handler of type [class org.springframework.web.servlet.resource.ResourceHttpRequestHandler]
2018-09-27 11:24:12.926 [main] INFO  o.s.ui.freemarker.SpringTemplateLoader - SpringTemplateLoader for FreeMarker: using resource loader [org.springframework.boot.web.servlet.context.AnnotationConfigServletWebServerApplicationContext@4bff64c2: startup date [Thu Sep 27 11:24:06 CST 2018]; root of context hierarchy] and template loader path [classpath:/templates/]
2018-09-27 11:24:12.927 [main] INFO  o.s.w.servlet.view.freemarker.FreeMarkerConfigurer - ClassTemplateLoader for Spring macros added to FreeMarker configuration
2018-09-27 11:24:13.134 [main] INFO  o.s.jmx.export.annotation.AnnotationMBeanExporter - Registering beans for JMX exposure on startup
2018-09-27 11:24:13.137 [main] INFO  o.s.jmx.export.annotation.AnnotationMBeanExporter - Bean with name 'dataSource' has been autodetected for JMX exposure
2018-09-27 11:24:13.146 [main] INFO  o.s.jmx.export.annotation.AnnotationMBeanExporter - Located MBean 'dataSource': registering with JMX server as MBean [com.zaxxer.hikari:name=dataSource,type=HikariDataSource]
2018-09-27 11:24:13.158 [main] INFO  org.apache.coyote.http11.Http11NioProtocol - Starting ProtocolHandler ["http-nio-8080"]
2018-09-27 11:24:13.170 [main] INFO  org.apache.tomcat.util.net.NioSelectorPool - Using a shared selector for servlet write/read
2018-09-27 11:24:13.198 [main] INFO  o.s.boot.web.embedded.tomcat.TomcatWebServer - Tomcat started on port(s): 8080 (http) with context path ''
2018-09-27 11:24:13.203 [main] INFO  com.baomidou.springboot.Application - Started Application in 7.493 seconds (JVM running for 9.216)
2018-09-27 11:24:13.209 [main] INFO  com.baomidou.springboot.Application - PortalApplication is success!
